<?xml version="1.0" encoding="UTF-8"?>
<testsuite xmlns:xsi="http://www.w3.org/2001/XMLSchema-instance" xsi:noNamespaceSchemaLocation="https://maven.apache.org/surefire/maven-surefire-plugin/xsd/surefire-test-report.xsd" name="edu.gmu.cs475.Part1FunctionalTests" time="16.413" tests="8" errors="1" skipped="0" failures="5">
  <properties>
    <property name="sun.desktop" value="windows"/>
    <property name="awt.toolkit" value="sun.awt.windows.WToolkit"/>
    <property name="java.specification.version" value="12"/>
    <property name="sun.cpu.isalist" value="amd64"/>
    <property name="sun.jnu.encoding" value="Cp1252"/>
    <property name="java.class.path" value="C:\Program Files\apache-maven-3.6.1\bin\..\boot\plexus-classworlds-2.6.0.jar"/>
    <property name="java.vm.vendor" value="Oracle Corporation"/>
    <property name="sun.arch.data.model" value="64"/>
    <property name="user.variant" value=""/>
    <property name="java.vendor.url" value="https://java.oracle.com/"/>
    <property name="user.timezone" value="America/New_York"/>
    <property name="maven.conf" value="C:\Program Files\apache-maven-3.6.1\bin\../conf"/>
    <property name="java.vm.specification.version" value="12"/>
    <property name="os.name" value="Windows 10"/>
    <property name="sun.java.launcher" value="SUN_STANDARD"/>
    <property name="user.country" value="US"/>
    <property name="sun.boot.library.path" value="C:\Program Files\Java\jdk-12.0.2\bin"/>
    <property name="sun.java.command" value="org.codehaus.plexus.classworlds.launcher.Launcher test -f c:\Users\Perri\OneDrive\Documents\School\CS475\HW2-handout\pom.xml"/>
    <property name="jdk.debug" value="release"/>
    <property name="maven.home" value="C:\Program Files\apache-maven-3.6.1\bin\.."/>
    <property name="sun.cpu.endian" value="little"/>
    <property name="user.home" value="C:\Users\Perri"/>
    <property name="user.language" value="en"/>
    <property name="sun.stderr.encoding" value="cp437"/>
    <property name="java.specification.vendor" value="Oracle Corporation"/>
    <property name="java.version.date" value="2019-07-16"/>
    <property name="java.home" value="C:\Program Files\Java\jdk-12.0.2"/>
    <property name="file.separator" value="\"/>
    <property name="java.vm.compressedOopsMode" value="32-bit"/>
    <property name="line.separator" value="&#10;"/>
    <property name="sun.stdout.encoding" value="cp437"/>
    <property name="java.vm.specification.vendor" value="Oracle Corporation"/>
    <property name="java.specification.name" value="Java Platform API Specification"/>
    <property name="java.awt.graphicsenv" value="sun.awt.Win32GraphicsEnvironment"/>
    <property name="user.script" value=""/>
    <property name="sun.management.compiler" value="HotSpot 64-Bit Tiered Compilers"/>
    <property name="java.runtime.version" value="12.0.2+10"/>
    <property name="user.name" value="Perri"/>
    <property name="path.separator" value=";"/>
    <property name="os.version" value="10.0"/>
    <property name="java.runtime.name" value="Java(TM) SE Runtime Environment"/>
    <property name="file.encoding" value="Cp1252"/>
    <property name="guice.disable.misplaced.annotation.check" value="true"/>
    <property name="java.vm.name" value="Java HotSpot(TM) 64-Bit Server VM"/>
    <property name="java.vendor.url.bug" value="https://bugreport.java.com/bugreport/"/>
    <property name="java.io.tmpdir" value="C:\Users\Perri\AppData\Local\Temp\"/>
    <property name="java.version" value="12.0.2"/>
    <property name="user.dir" value="C:\Users\Perri\OneDrive\Documents\School\CS475\HW2-handout"/>
    <property name="os.arch" value="amd64"/>
    <property name="maven.multiModuleProjectDirectory" value="C:\Users\Perri\OneDrive\Documents\School\CS475\HW2-handout"/>
    <property name="java.vm.specification.name" value="Java Virtual Machine Specification"/>
    <property name="sun.os.patch.level" value=""/>
    <property name="java.library.path" value="C:\Program Files\Java\jdk-12.0.2\bin;C:\Windows\Sun\Java\bin;C:\Windows\system32;C:\Windows;C:\Windows\system32;C:\Windows;C:\Windows\System32\Wbem;C:\Windows\System32\WindowsPowerShell\v1.0\;C:\Windows\System32\OpenSSH\;C:\Windows\system32;C:\Windows;C:\Windows\System32\Wbem;C:\Windows\System32\WindowsPowerShell\v1.0\;C:\Windows\System32\OpenSSH\;C:\Program Files\apache-maven-3.6.1\bin;C:\Users\Perri\AppData\Local\Programs\Microsoft VS Code\bin;C:\Program Files\JetBrains\IntelliJ IDEA 2019.2.3\bin;;."/>
    <property name="java.vm.info" value="mixed mode, sharing"/>
    <property name="java.vendor" value="Oracle Corporation"/>
    <property name="java.vm.version" value="12.0.2+10"/>
    <property name="classworlds.conf" value="C:\Program Files\apache-maven-3.6.1\bin\..\bin\m2.conf"/>
    <property name="sun.io.unicode.encoding" value="UnicodeLittle"/>
    <property name="library.jansi.path" value="C:\Program Files\apache-maven-3.6.1\bin\..\lib\jansi-native"/>
    <property name="java.class.version" value="56.0"/>
  </properties>
  <testcase name="testAddAndGetStringAndListDir" classname="edu.gmu.cs475.Part1FunctionalTests" time="0.005">
    <failure message="Expected to find the created key in the directory listing for /" type="java.lang.AssertionError">java.lang.AssertionError: Expected to find the created key in the directory listing for /
	at edu.gmu.cs475.Part1FunctionalTests.testAddAndGetStringAndListDir(Part1FunctionalTests.java:68)
</failure>
    <system-out><![CDATA[SET children[]
SET children[/baz]
SET children[/baz]
SET children[]
SET children[]
]]></system-out>
  </testcase>
  <testcase name="testCreatesParentDirectoriesBeforeCreatingFile" classname="edu.gmu.cs475.Part1FunctionalTests" time="0.017">
    <failure message="Expected to find directory &lt;/other/path/&gt; created before /other/path/file was created. " type="java.lang.AssertionError"><![CDATA[java.lang.AssertionError: Expected to find directory </other/path/> created before /other/path/file was created. 
	at edu.gmu.cs475.Part1FunctionalTests.testCreatesParentDirectoriesBeforeCreatingFile(Part1FunctionalTests.java:402)
]]></failure>
    <system-out><![CDATA[SET children[]
SET children[/abcd]
SET children[/abcd]
]]></system-out>
  </testcase>
  <testcase name="testPathCheckingForDirectories" classname="edu.gmu.cs475.Part1FunctionalTests" time="0"/>
  <testcase name="testNoNullKeysOrValues" classname="edu.gmu.cs475.Part1FunctionalTests" time="0.001"/>
  <testcase name="testAddAndDeleteAndGetString" classname="edu.gmu.cs475.Part1FunctionalTests" time="0.016">
    <failure message="Expected no files in directory /, found: [//]" type="java.lang.AssertionError">java.lang.AssertionError: Expected no files in directory /, found: [//]
	at edu.gmu.cs475.Part1FunctionalTests.testAddAndDeleteAndGetString(Part1FunctionalTests.java:80)
</failure>
    <system-out><![CDATA[SET children[]
SET children[]
]]></system-out>
  </testcase>
  <testcase name="testRemoveDirectory" classname="edu.gmu.cs475.Part1FunctionalTests" time="7.144">
    <error type="java.lang.NullPointerException">java.lang.NullPointerException
	at edu.gmu.cs475.Part1FunctionalTests.testRemoveDirectory(Part1FunctionalTests.java:212)
</error>
    <system-out><![CDATA[SET children[]
SET children[]
SET children[]
SET children[]
SET children[/someValue/]
SET children[/someValue/base2/]
SET children[]
SET children[]
SET children[/someValue/]
SET children[/someValue/base2/, /someValue/base1/]
SET children[/someValue/base2/another0/]
SET children[]
SET children[/someValue/]
SET children[/someValue/base2/, /someValue/base1/]
SET children[]
SET children[]
SET children[/someValue/]
SET children[/someValue/base2/, /someValue/base1/, /someValue/base3/]
SET children[]
SET children[]
SET children[/someValue/]
SET children[/someValue/base2/, /someValue/base1/, /someValue/base3/, /someValue/base0/]
SET children[/someValue/base0/another2/]
SET children[/someValue/base0/another2/file4]
SET children[/someValue/]
SET children[/someValue/base2/, /someValue/base1/, /someValue/base3/, /someValue/base0/]
SET children[/someValue/base2/another0/, /someValue/base2/another2/]
SET children[]
SET children[/someValue/]
SET children[/someValue/base2/, /someValue/base1/, /someValue/base3/, /someValue/base0/]
SET children[]
SET children[]
SET children[/someValue/]
SET children[/someValue/base2/, /someValue/base1/, /someValue/base3/, /someValue/base0/, /someValue/base4/]
SET children[/someValue/base2/another0/, /someValue/base2/another2/, /someValue/base2/another3/]
SET children[/someValue/base2/another3/file4]
SET children[/someValue/]
SET children[/someValue/base2/, /someValue/base1/, /someValue/base3/, /someValue/base0/, /someValue/base4/]
SET children[/someValue/base4/another3/]
SET children[]
SET children[/someValue/]
SET children[/someValue/base2/, /someValue/base1/, /someValue/base3/, /someValue/base0/, /someValue/base4/]
SET children[/someValue/base1/another2/]
SET children[]
SET children[/someValue/]
SET children[/someValue/base2/, /someValue/base1/, /someValue/base3/, /someValue/base0/, /someValue/base4/]
SET children[/someValue/base2/another0/, /someValue/base2/another2/, /someValue/base2/another3/]
SET children[]
SET children[/someValue/]
SET children[/someValue/base2/, /someValue/base1/, /someValue/base3/, /someValue/base0/, /someValue/base4/]
SET children[/someValue/base3/another3/]
SET children[]
SET children[/someValue/]
SET children[/someValue/base2/, /someValue/base1/, /someValue/base3/, /someValue/base0/, /someValue/base4/]
SET children[/someValue/base2/another0/, /someValue/base2/another2/, /someValue/base2/another3/, /someValue/base2/another4/]
SET children[/someValue/base2/another0/file0]
SET children[/someValue/]
SET children[/someValue/base2/, /someValue/base1/, /someValue/base3/, /someValue/base0/, /someValue/base4/]
SET children[/someValue/base3/another3/, /someValue/base3/another0/]
SET children[]
SET children[/someValue/]
SET children[/someValue/base2/, /someValue/base1/, /someValue/base3/, /someValue/base0/, /someValue/base4/]
SET children[/someValue/base3/another3/, /someValue/base3/another0/, /someValue/base3/another2/]
SET children[/someValue/base3/another3/file3]
SET children[/someValue/]
SET children[/someValue/base2/, /someValue/base1/, /someValue/base3/, /someValue/base0/, /someValue/base4/]
SET children[/someValue/base3/another3/, /someValue/base3/another0/, /someValue/base3/another2/]
SET children[]
SET children[/someValue/]
SET children[/someValue/base2/, /someValue/base1/, /someValue/base3/, /someValue/base0/, /someValue/base4/]
SET children[/someValue/base3/another3/, /someValue/base3/another0/, /someValue/base3/another2/, /someValue/base3/another4/]
SET children[/someValue/base3/another2/file1]
SET children[/someValue/]
SET children[/someValue/base2/, /someValue/base1/, /someValue/base3/, /someValue/base0/, /someValue/base4/]
SET children[/someValue/base0/another2/]
SET children[]
SET children[/someValue/]
SET children[/someValue/base2/, /someValue/base1/, /someValue/base3/, /someValue/base0/, /someValue/base4/]
SET children[/someValue/base2/another0/, /someValue/base2/another2/, /someValue/base2/another3/, /someValue/base2/another4/]
SET children[/someValue/base2/another2/file3]
SET children[/someValue/]
SET children[/someValue/base2/, /someValue/base1/, /someValue/base3/, /someValue/base0/, /someValue/base4/]
SET children[/someValue/base4/another3/, /someValue/base4/another1/]
SET children[]
SET children[/someValue/]
SET children[/someValue/base2/, /someValue/base1/, /someValue/base3/, /someValue/base0/, /someValue/base4/]
SET children[/someValue/base3/another3/, /someValue/base3/another0/, /someValue/base3/another2/, /someValue/base3/another4/]
SET children[/someValue/base3/another2/file1, /someValue/base3/another2/file0]
SET children[/someValue/]
SET children[/someValue/base2/, /someValue/base1/, /someValue/base3/, /someValue/base0/, /someValue/base4/]
SET children[/someValue/base4/another3/, /someValue/base4/another1/, /someValue/base4/another4/]
SET children[]
SET children[/someValue/]
SET children[/someValue/base2/, /someValue/base1/, /someValue/base3/, /someValue/base0/, /someValue/base4/]
SET children[/someValue/base1/another2/, /someValue/base1/another3/]
SET children[]
SET children[/someValue/]
SET children[/someValue/base2/, /someValue/base1/, /someValue/base3/, /someValue/base0/, /someValue/base4/]
SET children[/someValue/base1/another2/, /someValue/base1/another3/, /someValue/base1/another0/]
SET children[]
SET children[/someValue/]
SET children[/someValue/base2/, /someValue/base1/, /someValue/base3/, /someValue/base0/, /someValue/base4/]
SET children[/someValue/base4/another3/, /someValue/base4/another1/, /someValue/base4/another4/, /someValue/base4/another0/]
SET children[]
SET children[/someValue/]
SET children[/someValue/base2/, /someValue/base1/, /someValue/base3/, /someValue/base0/, /someValue/base4/]
SET children[/someValue/base1/another2/, /someValue/base1/another3/, /someValue/base1/another0/, /someValue/base1/another4/]
SET children[/someValue/base1/another0/file4]
SET children[/someValue/]
SET children[/someValue/base2/, /someValue/base1/, /someValue/base3/, /someValue/base0/, /someValue/base4/]
SET children[/someValue/base3/another3/, /someValue/base3/another0/, /someValue/base3/another2/, /someValue/base3/another4/]
SET children[/someValue/base3/another4/file4]
SET children[/someValue/]
SET children[/someValue/base2/, /someValue/base1/, /someValue/base3/, /someValue/base0/, /someValue/base4/]
SET children[/someValue/base4/another3/, /someValue/base4/another1/, /someValue/base4/another4/, /someValue/base4/another0/, /someValue/base4/another2/]
SET children[/someValue/base4/another3/file1]
SET children[/someValue/]
SET children[/someValue/base2/, /someValue/base1/, /someValue/base3/, /someValue/base0/, /someValue/base4/]
SET children[/someValue/base1/another2/, /someValue/base1/another3/, /someValue/base1/another0/, /someValue/base1/another4/]
SET children[/someValue/base1/another2/file3]
SET children[/someValue/]
SET children[/someValue/base2/, /someValue/base1/, /someValue/base3/, /someValue/base0/, /someValue/base4/]
SET children[/someValue/base1/another2/, /someValue/base1/another3/, /someValue/base1/another0/, /someValue/base1/another4/]
SET children[/someValue/base1/another0/file4, /someValue/base1/another0/file1]
SET children[/someValue/]
SET children[/someValue/base2/, /someValue/base1/, /someValue/base3/, /someValue/base0/, /someValue/base4/]
SET children[/someValue/base0/another2/, /someValue/base0/another3/]
SET children[/someValue/base0/another3/file0]
SET children[/someValue/]
SET children[/someValue/base2/, /someValue/base1/, /someValue/base3/, /someValue/base0/, /someValue/base4/]
SET children[/someValue/base3/another3/, /someValue/base3/another0/, /someValue/base3/another2/, /someValue/base3/another4/]
SET children[/someValue/base3/another3/file3, /someValue/base3/another3/file0]
SET children[/someValue/]
SET children[/someValue/base2/, /someValue/base1/, /someValue/base3/, /someValue/base0/, /someValue/base4/]
SET children[/someValue/base2/another0/, /someValue/base2/another2/, /someValue/base2/another3/, /someValue/base2/another4/]
SET children[/someValue/base2/another4/file3]
SET children[/someValue/]
SET children[/someValue/base2/, /someValue/base1/, /someValue/base3/, /someValue/base0/, /someValue/base4/]
SET children[/someValue/base2/another0/, /someValue/base2/another2/, /someValue/base2/another3/, /someValue/base2/another4/]
SET children[]
SET children[/someValue/]
SET children[/someValue/base2/, /someValue/base1/, /someValue/base3/, /someValue/base0/, /someValue/base4/]
SET children[/someValue/base4/another3/, /someValue/base4/another1/, /someValue/base4/another4/, /someValue/base4/another0/, /someValue/base4/another2/]
SET children[/someValue/base4/another4/file4]
SET children[/someValue/]
SET children[/someValue/base2/, /someValue/base1/, /someValue/base3/, /someValue/base0/, /someValue/base4/]
SET children[/someValue/base0/another2/, /someValue/base0/another3/]
SET children[/someValue/base0/another2/file4, /someValue/base0/another2/file3]
SET children[/someValue/]
SET children[/someValue/base2/, /someValue/base1/, /someValue/base3/, /someValue/base0/, /someValue/base4/]
SET children[/someValue/base2/another0/, /someValue/base2/another2/, /someValue/base2/another3/, /someValue/base2/another4/, /someValue/base2/another1/]
SET children[/someValue/base2/another1/file0]
SET children[/someValue/]
SET children[/someValue/base2/, /someValue/base1/, /someValue/base3/, /someValue/base0/, /someValue/base4/]
SET children[/someValue/base2/another0/, /someValue/base2/another2/, /someValue/base2/another3/, /someValue/base2/another4/, /someValue/base2/another1/]
SET children[/someValue/base2/another2/file3, /someValue/base2/another2/file2]
SET children[/someValue/]
SET children[/someValue/base2/, /someValue/base1/, /someValue/base3/, /someValue/base0/, /someValue/base4/]
SET children[/someValue/base1/another2/, /someValue/base1/another3/, /someValue/base1/another0/, /someValue/base1/another4/]
SET children[/someValue/base1/another0/file4, /someValue/base1/another0/file1, /someValue/base1/another0/file3]
SET children[/someValue/]
SET children[/someValue/base2/, /someValue/base1/, /someValue/base3/, /someValue/base0/, /someValue/base4/]
SET children[/someValue/base0/another2/, /someValue/base0/another3/]
SET children[]
SET children[/someValue/]
SET children[/someValue/base2/, /someValue/base1/, /someValue/base3/, /someValue/base0/, /someValue/base4/]
SET children[/someValue/base3/another3/, /someValue/base3/another0/, /someValue/base3/another2/, /someValue/base3/another4/]
SET children[/someValue/base3/another4/file4, /someValue/base3/another4/file3]
SET children[/someValue/]
SET children[/someValue/base2/, /someValue/base1/, /someValue/base3/, /someValue/base0/, /someValue/base4/]
SET children[/someValue/base4/another3/, /someValue/base4/another1/, /someValue/base4/another4/, /someValue/base4/another0/, /someValue/base4/another2/]
SET children[/someValue/base4/another1/file0]
SET children[/someValue/]
SET children[/someValue/base2/, /someValue/base1/, /someValue/base3/, /someValue/base0/, /someValue/base4/]
SET children[/someValue/base1/another2/, /someValue/base1/another3/, /someValue/base1/another0/, /someValue/base1/another4/]
SET children[/someValue/base1/another4/file4]
SET children[/someValue/]
SET children[/someValue/base2/, /someValue/base1/, /someValue/base3/, /someValue/base0/, /someValue/base4/]
SET children[/someValue/base0/another2/, /someValue/base0/another3/, /someValue/base0/another1/]
SET children[/someValue/base0/another3/file0, /someValue/base0/another3/file3]
SET children[/someValue/]
SET children[/someValue/base2/, /someValue/base1/, /someValue/base3/, /someValue/base0/, /someValue/base4/]
SET children[/someValue/base0/another2/, /someValue/base0/another3/, /someValue/base0/another1/]
SET children[/someValue/base0/another1/file3]
SET children[/someValue/]
SET children[/someValue/base2/, /someValue/base1/, /someValue/base3/, /someValue/base0/, /someValue/base4/]
SET children[/someValue/base1/another2/, /someValue/base1/another3/, /someValue/base1/another0/, /someValue/base1/another4/]
SET children[]
SET children[/someValue/]
SET children[/someValue/base2/, /someValue/base1/, /someValue/base3/, /someValue/base0/, /someValue/base4/]
SET children[/someValue/base4/another3/, /someValue/base4/another1/, /someValue/base4/another4/, /someValue/base4/another0/, /someValue/base4/another2/]
SET children[/someValue/base4/another4/file4, /someValue/base4/another4/file1]
SET children[/someValue/]
SET children[/someValue/base2/, /someValue/base1/, /someValue/base3/, /someValue/base0/, /someValue/base4/]
SET children[/someValue/base4/another3/, /someValue/base4/another1/, /someValue/base4/another4/, /someValue/base4/another0/, /someValue/base4/another2/]
SET children[/someValue/base4/another2/file0]
SET children[/someValue/]
SET children[/someValue/base2/, /someValue/base1/, /someValue/base3/, /someValue/base0/, /someValue/base4/]
SET children[/someValue/base1/another2/, /someValue/base1/another3/, /someValue/base1/another0/, /someValue/base1/another4/, /someValue/base1/another1/]
SET children[/someValue/base1/another3/file4]
SET children[/someValue/]
SET children[/someValue/base2/, /someValue/base1/, /someValue/base3/, /someValue/base0/, /someValue/base4/]
SET children[/someValue/base4/another3/, /someValue/base4/another1/, /someValue/base4/another4/, /someValue/base4/another0/, /someValue/base4/another2/]
SET children[/someValue/base4/another3/file1, /someValue/base4/another3/file0]
SET children[/someValue/]
SET children[/someValue/base2/, /someValue/base1/, /someValue/base3/, /someValue/base0/, /someValue/base4/]
SET children[/someValue/base0/another2/, /someValue/base0/another3/, /someValue/base0/another1/]
SET children[]
SET children[/someValue/]
SET children[/someValue/base2/, /someValue/base1/, /someValue/base3/, /someValue/base0/, /someValue/base4/]
SET children[/someValue/base4/another3/, /someValue/base4/another1/, /someValue/base4/another4/, /someValue/base4/another0/, /someValue/base4/another2/]
SET children[/someValue/base4/another0/file2]
SET children[/someValue/]
SET children[/someValue/base2/, /someValue/base1/, /someValue/base3/, /someValue/base0/, /someValue/base4/]
SET children[/someValue/base4/another3/, /someValue/base4/another1/, /someValue/base4/another4/, /someValue/base4/another0/, /someValue/base4/another2/]
SET children[/someValue/base4/another2/file0, /someValue/base4/another2/file3]
SET children[/someValue/]
SET children[/someValue/base2/, /someValue/base1/, /someValue/base3/, /someValue/base0/, /someValue/base4/]
SET children[/someValue/base1/another2/, /someValue/base1/another3/, /someValue/base1/another0/, /someValue/base1/another4/, /someValue/base1/another1/]
SET children[/someValue/base1/another3/file4, /someValue/base1/another3/file1]
SET children[/someValue/]
SET children[/someValue/base2/, /someValue/base1/, /someValue/base3/, /someValue/base0/, /someValue/base4/]
SET children[/someValue/base0/another2/, /someValue/base0/another3/, /someValue/base0/another1/, /someValue/base0/another4/]
SET children[/someValue/base0/another3/file0, /someValue/base0/another3/file3, /someValue/base0/another3/file1]
SET children[/someValue/]
SET children[/someValue/base2/, /someValue/base1/, /someValue/base3/, /someValue/base0/, /someValue/base4/]
SET children[/someValue/base3/another3/, /someValue/base3/another0/, /someValue/base3/another2/, /someValue/base3/another4/]
SET children[/someValue/base3/another2/file1, /someValue/base3/another2/file0, /someValue/base3/another2/file2]
SET children[/someValue/]
SET children[/someValue/base2/, /someValue/base1/, /someValue/base3/, /someValue/base0/, /someValue/base4/]
SET children[/someValue/base0/another2/, /someValue/base0/another3/, /someValue/base0/another1/, /someValue/base0/another4/]
SET children[/someValue/base0/another2/file4, /someValue/base0/another2/file3, /someValue/base0/another2/file2]
SET children[/someValue/]
SET children[/someValue/base2/, /someValue/base1/, /someValue/base3/, /someValue/base0/, /someValue/base4/]
SET children[/someValue/base3/another3/, /someValue/base3/another0/, /someValue/base3/another2/, /someValue/base3/another4/]
SET children[/someValue/base3/another4/file4, /someValue/base3/another4/file3, /someValue/base3/another4/file2]
SET children[/someValue/]
SET children[/someValue/base2/, /someValue/base1/, /someValue/base3/, /someValue/base0/, /someValue/base4/]
SET children[/someValue/base0/another2/, /someValue/base0/another3/, /someValue/base0/another1/, /someValue/base0/another4/]
SET children[/someValue/base0/another1/file3, /someValue/base0/another1/file2]
SET children[/someValue/]
SET children[/someValue/base2/, /someValue/base1/, /someValue/base3/, /someValue/base0/, /someValue/base4/]
SET children[/someValue/base4/another3/, /someValue/base4/another1/, /someValue/base4/another4/, /someValue/base4/another0/, /someValue/base4/another2/]
SET children[/someValue/base4/another4/file4, /someValue/base4/another4/file1, /someValue/base4/another4/file3]
SET children[/someValue/]
SET children[/someValue/base2/, /someValue/base1/, /someValue/base3/, /someValue/base0/, /someValue/base4/]
SET children[/someValue/base1/another2/, /someValue/base1/another3/, /someValue/base1/another0/, /someValue/base1/another4/, /someValue/base1/another1/]
SET children[/someValue/base1/another4/file4, /someValue/base1/another4/file2]
SET children[/someValue/]
SET children[/someValue/base2/, /someValue/base1/, /someValue/base3/, /someValue/base0/, /someValue/base4/]
SET children[/someValue/base0/another2/, /someValue/base0/another3/, /someValue/base0/another1/, /someValue/base0/another4/]
SET children[/someValue/base0/another1/file3, /someValue/base0/another1/file2, /someValue/base0/another1/file1]
SET children[/someValue/]
SET children[/someValue/base2/, /someValue/base1/, /someValue/base3/, /someValue/base0/, /someValue/base4/]
SET children[/someValue/base0/another2/, /someValue/base0/another3/, /someValue/base0/another1/, /someValue/base0/another4/]
SET children[]
SET children[/someValue/]
SET children[/someValue/base2/, /someValue/base1/, /someValue/base3/, /someValue/base0/, /someValue/base4/]
SET children[/someValue/base3/another3/, /someValue/base3/another0/, /someValue/base3/another2/, /someValue/base3/another4/]
SET children[/someValue/base3/another0/file1]
SET children[/someValue/]
SET children[/someValue/base2/, /someValue/base1/, /someValue/base3/, /someValue/base0/, /someValue/base4/]
SET children[/someValue/base4/another3/, /someValue/base4/another1/, /someValue/base4/another4/, /someValue/base4/another0/, /someValue/base4/another2/]
SET children[/someValue/base4/another2/file0, /someValue/base4/another2/file3, /someValue/base4/another2/file2]
SET children[/someValue/]
SET children[/someValue/base2/, /someValue/base1/, /someValue/base3/, /someValue/base0/, /someValue/base4/]
SET children[/someValue/base3/another3/, /someValue/base3/another0/, /someValue/base3/another2/, /someValue/base3/another4/]
SET children[/someValue/base3/another0/file1, /someValue/base3/another0/file0]
SET children[/someValue/]
SET children[/someValue/base2/, /someValue/base1/, /someValue/base3/, /someValue/base0/, /someValue/base4/]
SET children[/someValue/base4/another3/, /someValue/base4/another1/, /someValue/base4/another4/, /someValue/base4/another0/, /someValue/base4/another2/]
SET children[/someValue/base4/another3/file1, /someValue/base4/another3/file0, /someValue/base4/another3/file4]
SET children[/someValue/]
SET children[/someValue/base2/, /someValue/base1/, /someValue/base3/, /someValue/base0/, /someValue/base4/]
SET children[/someValue/base3/another3/, /someValue/base3/another0/, /someValue/base3/another2/, /someValue/base3/another4/]
SET children[]
SET children[/someValue/]
SET children[/someValue/base2/, /someValue/base1/, /someValue/base3/, /someValue/base0/, /someValue/base4/]
SET children[/someValue/base0/another2/, /someValue/base0/another3/, /someValue/base0/another1/, /someValue/base0/another4/, /someValue/base0/another0/]
SET children[/someValue/base0/another1/file3, /someValue/base0/another1/file2, /someValue/base0/another1/file1, /someValue/base0/another1/file4]
SET children[/someValue/]
SET children[/someValue/base2/, /someValue/base1/, /someValue/base3/, /someValue/base0/, /someValue/base4/]
SET children[/someValue/base2/another0/, /someValue/base2/another2/, /someValue/base2/another3/, /someValue/base2/another4/, /someValue/base2/another1/]
SET children[/someValue/base2/another3/file4, /someValue/base2/another3/file1]
SET children[/someValue/]
SET children[/someValue/base2/, /someValue/base1/, /someValue/base3/, /someValue/base0/, /someValue/base4/]
SET children[/someValue/base1/another2/, /someValue/base1/another3/, /someValue/base1/another0/, /someValue/base1/another4/, /someValue/base1/another1/]
SET children[/someValue/base1/another1/file0]
SET children[/someValue/]
SET children[/someValue/base2/, /someValue/base1/, /someValue/base3/, /someValue/base0/, /someValue/base4/]
SET children[/someValue/base3/another3/, /someValue/base3/another0/, /someValue/base3/another2/, /someValue/base3/another4/, /someValue/base3/another1/]
SET children[/someValue/base3/another4/file4, /someValue/base3/another4/file3, /someValue/base3/another4/file2, /someValue/base3/another4/file1]
SET children[/someValue/]
SET children[/someValue/base2/, /someValue/base1/, /someValue/base3/, /someValue/base0/, /someValue/base4/]
SET children[/someValue/base1/another2/, /someValue/base1/another3/, /someValue/base1/another0/, /someValue/base1/another4/, /someValue/base1/another1/]
SET children[/someValue/base1/another0/file4, /someValue/base1/another0/file1, /someValue/base1/another0/file3, /someValue/base1/another0/file2]
SET children[/someValue/]
SET children[/someValue/base2/, /someValue/base1/, /someValue/base3/, /someValue/base0/, /someValue/base4/]
SET children[/someValue/base1/another2/, /someValue/base1/another3/, /someValue/base1/another0/, /someValue/base1/another4/, /someValue/base1/another1/]
SET children[/someValue/base1/another1/file0, /someValue/base1/another1/file3]
SET children[/someValue/]
SET children[/someValue/base2/, /someValue/base1/, /someValue/base3/, /someValue/base0/, /someValue/base4/]
SET children[/someValue/base3/another3/, /someValue/base3/another0/, /someValue/base3/another2/, /someValue/base3/another4/, /someValue/base3/another1/]
SET children[/someValue/base3/another3/file3, /someValue/base3/another3/file0, /someValue/base3/another3/file4]
SET children[/someValue/]
SET children[/someValue/base2/, /someValue/base1/, /someValue/base3/, /someValue/base0/, /someValue/base4/]
SET children[/someValue/base3/another3/, /someValue/base3/another0/, /someValue/base3/another2/, /someValue/base3/another4/, /someValue/base3/another1/]
SET children[/someValue/base3/another0/file1, /someValue/base3/another0/file0, /someValue/base3/another0/file3]
SET children[/someValue/]
SET children[/someValue/base2/, /someValue/base1/, /someValue/base3/, /someValue/base0/, /someValue/base4/]
SET children[/someValue/base2/another0/, /someValue/base2/another2/, /someValue/base2/another3/, /someValue/base2/another4/, /someValue/base2/another1/]
SET children[/someValue/base2/another4/file3, /someValue/base2/another4/file4]
SET children[/someValue/]
SET children[/someValue/base2/, /someValue/base1/, /someValue/base3/, /someValue/base0/, /someValue/base4/]
SET children[/someValue/base1/another2/, /someValue/base1/another3/, /someValue/base1/another0/, /someValue/base1/another4/, /someValue/base1/another1/]
SET children[/someValue/base1/another4/file4, /someValue/base1/another4/file2, /someValue/base1/another4/file3]
SET children[/someValue/]
SET children[/someValue/base2/, /someValue/base1/, /someValue/base3/, /someValue/base0/, /someValue/base4/]
SET children[/someValue/base2/another0/, /someValue/base2/another2/, /someValue/base2/another3/, /someValue/base2/another4/, /someValue/base2/another1/]
SET children[/someValue/base2/another0/file0, /someValue/base2/another0/file1]
SET children[/someValue/]
SET children[/someValue/base2/, /someValue/base1/, /someValue/base3/, /someValue/base0/, /someValue/base4/]
SET children[/someValue/base4/another3/, /someValue/base4/another1/, /someValue/base4/another4/, /someValue/base4/another0/, /someValue/base4/another2/]
SET children[/someValue/base4/another0/file2, /someValue/base4/another0/file4]
SET children[/someValue/]
SET children[/someValue/base2/, /someValue/base1/, /someValue/base3/, /someValue/base0/, /someValue/base4/]
SET children[/someValue/base2/another0/, /someValue/base2/another2/, /someValue/base2/another3/, /someValue/base2/another4/, /someValue/base2/another1/]
SET children[/someValue/base2/another2/file3, /someValue/base2/another2/file2, /someValue/base2/another2/file1]
SET children[/someValue/]
SET children[/someValue/base2/, /someValue/base1/, /someValue/base3/, /someValue/base0/, /someValue/base4/]
SET children[/someValue/base4/another3/, /someValue/base4/another1/, /someValue/base4/another4/, /someValue/base4/another0/, /someValue/base4/another2/]
SET children[/someValue/base4/another1/file0, /someValue/base4/another1/file1]
SET children[/someValue/]
SET children[/someValue/base2/, /someValue/base1/, /someValue/base3/, /someValue/base0/, /someValue/base4/]
SET children[/someValue/base4/another3/, /someValue/base4/another1/, /someValue/base4/another4/, /someValue/base4/another0/, /someValue/base4/another2/]
SET children[/someValue/base4/another3/file1, /someValue/base4/another3/file0, /someValue/base4/another3/file4, /someValue/base4/another3/file3]
SET children[/someValue/]
SET children[/someValue/base2/, /someValue/base1/, /someValue/base3/, /someValue/base0/, /someValue/base4/]
SET children[/someValue/base0/another2/, /someValue/base0/another3/, /someValue/base0/another1/, /someValue/base0/another4/, /someValue/base0/another0/]
SET children[/someValue/base0/another2/file4, /someValue/base0/another2/file3, /someValue/base0/another2/file2, /someValue/base0/another2/file1]
SET children[/someValue/]
SET children[/someValue/base2/, /someValue/base1/, /someValue/base3/, /someValue/base0/, /someValue/base4/]
SET children[/someValue/base3/another3/, /someValue/base3/another0/, /someValue/base3/another2/, /someValue/base3/another4/, /someValue/base3/another1/]
SET children[/someValue/base3/another1/file2]
SET children[/someValue/]
SET children[/someValue/base2/, /someValue/base1/, /someValue/base3/, /someValue/base0/, /someValue/base4/]
SET children[/someValue/base2/another0/, /someValue/base2/another2/, /someValue/base2/another3/, /someValue/base2/another4/, /someValue/base2/another1/]
SET children[/someValue/base2/another4/file3, /someValue/base2/another4/file4, /someValue/base2/another4/file0]
SET children[/someValue/]
SET children[/someValue/base2/, /someValue/base1/, /someValue/base3/, /someValue/base0/, /someValue/base4/]
SET children[/someValue/base0/another2/, /someValue/base0/another3/, /someValue/base0/another1/, /someValue/base0/another4/, /someValue/base0/another0/]
SET children[/someValue/base0/another3/file0, /someValue/base0/another3/file3, /someValue/base0/another3/file1, /someValue/base0/another3/file2]
SET children[/someValue/]
SET children[/someValue/base2/, /someValue/base1/, /someValue/base3/, /someValue/base0/, /someValue/base4/]
SET children[/someValue/base2/another0/, /someValue/base2/another2/, /someValue/base2/another3/, /someValue/base2/another4/, /someValue/base2/another1/]
SET children[/someValue/base2/another1/file0, /someValue/base2/another1/file4]
SET children[/someValue/]
SET children[/someValue/base2/, /someValue/base1/, /someValue/base3/, /someValue/base0/, /someValue/base4/]
SET children[/someValue/base3/another3/, /someValue/base3/another0/, /someValue/base3/another2/, /someValue/base3/another4/, /someValue/base3/another1/]
SET children[/someValue/base3/another0/file1, /someValue/base3/another0/file0, /someValue/base3/another0/file3, /someValue/base3/another0/file2]
SET children[/someValue/]
SET children[/someValue/base2/, /someValue/base1/, /someValue/base3/, /someValue/base0/, /someValue/base4/]
SET children[/someValue/base1/another2/, /someValue/base1/another3/, /someValue/base1/another0/, /someValue/base1/another4/, /someValue/base1/another1/]
SET children[/someValue/base1/another2/file3, /someValue/base1/another2/file4]
SET children[/someValue/]
SET children[/someValue/base2/, /someValue/base1/, /someValue/base3/, /someValue/base0/, /someValue/base4/]
SET children[/someValue/base2/another0/, /someValue/base2/another2/, /someValue/base2/another3/, /someValue/base2/another4/, /someValue/base2/another1/]
SET children[/someValue/base2/another0/file0, /someValue/base2/another0/file1, /someValue/base2/another0/file4]
SET children[/someValue/]
SET children[/someValue/base2/, /someValue/base1/, /someValue/base3/, /someValue/base0/, /someValue/base4/]
SET children[/someValue/base1/another2/, /someValue/base1/another3/, /someValue/base1/another0/, /someValue/base1/another4/, /someValue/base1/another1/]
SET children[/someValue/base1/another3/file4, /someValue/base1/another3/file1, /someValue/base1/another3/file3]
SET children[/someValue/]
SET children[/someValue/base2/, /someValue/base1/, /someValue/base3/, /someValue/base0/, /someValue/base4/]
SET children[/someValue/base1/another2/, /someValue/base1/another3/, /someValue/base1/another0/, /someValue/base1/another4/, /someValue/base1/another1/]
SET children[/someValue/base1/another3/file4, /someValue/base1/another3/file1, /someValue/base1/another3/file3, /someValue/base1/another3/file2]
SET children[/someValue/]
SET children[/someValue/base2/, /someValue/base1/, /someValue/base3/, /someValue/base0/, /someValue/base4/]
SET children[/someValue/base4/another3/, /someValue/base4/another1/, /someValue/base4/another4/, /someValue/base4/another0/, /someValue/base4/another2/]
SET children[/someValue/base4/another1/file0, /someValue/base4/another1/file1, /someValue/base4/another1/file2]
SET children[/someValue/]
SET children[/someValue/base2/, /someValue/base1/, /someValue/base3/, /someValue/base0/, /someValue/base4/]
SET children[/someValue/base3/another3/, /someValue/base3/another0/, /someValue/base3/another2/, /someValue/base3/another4/, /someValue/base3/another1/]
SET children[/someValue/base3/another3/file3, /someValue/base3/another3/file0, /someValue/base3/another3/file4, /someValue/base3/another3/file1]
SET children[/someValue/]
SET children[/someValue/base2/, /someValue/base1/, /someValue/base3/, /someValue/base0/, /someValue/base4/]
SET children[/someValue/base0/another2/, /someValue/base0/another3/, /someValue/base0/another1/, /someValue/base0/another4/, /someValue/base0/another0/]
SET children[/someValue/base0/another0/file4]
SET children[/someValue/]
SET children[/someValue/base2/, /someValue/base1/, /someValue/base3/, /someValue/base0/, /someValue/base4/]
SET children[/someValue/base2/another0/, /someValue/base2/another2/, /someValue/base2/another3/, /someValue/base2/another4/, /someValue/base2/another1/]
SET children[/someValue/base2/another1/file0, /someValue/base2/another1/file4, /someValue/base2/another1/file1]
SET children[/someValue/]
SET children[/someValue/base2/, /someValue/base1/, /someValue/base3/, /someValue/base0/, /someValue/base4/]
SET children[/someValue/base2/another0/, /someValue/base2/another2/, /someValue/base2/another3/, /someValue/base2/another4/, /someValue/base2/another1/]
SET children[/someValue/base2/another0/file0, /someValue/base2/another0/file1, /someValue/base2/another0/file4, /someValue/base2/another0/file3]
SET children[/someValue/]
SET children[/someValue/base2/, /someValue/base1/, /someValue/base3/, /someValue/base0/, /someValue/base4/]
SET children[/someValue/base2/another0/, /someValue/base2/another2/, /someValue/base2/another3/, /someValue/base2/another4/, /someValue/base2/another1/]
SET children[/someValue/base2/another1/file0, /someValue/base2/another1/file4, /someValue/base2/another1/file1, /someValue/base2/another1/file2]
SET children[/someValue/]
SET children[/someValue/base2/, /someValue/base1/, /someValue/base3/, /someValue/base0/, /someValue/base4/]
SET children[/someValue/base2/another0/, /someValue/base2/another2/, /someValue/base2/another3/, /someValue/base2/another4/, /someValue/base2/another1/]
SET children[/someValue/base2/another3/file4, /someValue/base2/another3/file1, /someValue/base2/another3/file2]
SET children[/someValue/]
SET children[/someValue/base2/, /someValue/base1/, /someValue/base3/, /someValue/base0/, /someValue/base4/]
SET children[/someValue/base1/another2/, /someValue/base1/another3/, /someValue/base1/another0/, /someValue/base1/another4/, /someValue/base1/another1/]
SET children[/someValue/base1/another2/file3, /someValue/base1/another2/file4, /someValue/base1/another2/file0]
SET children[/someValue/]
SET children[/someValue/base2/, /someValue/base1/, /someValue/base3/, /someValue/base0/, /someValue/base4/]
SET children[/someValue/base0/another2/, /someValue/base0/another3/, /someValue/base0/another1/, /someValue/base0/another4/, /someValue/base0/another0/]
SET children[/someValue/base0/another0/file4, /someValue/base0/another0/file3]
SET children[/someValue/]
SET children[/someValue/base2/, /someValue/base1/, /someValue/base3/, /someValue/base0/, /someValue/base4/]
SET children[/someValue/base3/another3/, /someValue/base3/another0/, /someValue/base3/another2/, /someValue/base3/another4/, /someValue/base3/another1/]
SET children[/someValue/base3/another1/file2, /someValue/base3/another1/file4]
SET children[/someValue/]
SET children[/someValue/base2/, /someValue/base1/, /someValue/base3/, /someValue/base0/, /someValue/base4/]
SET children[/someValue/base0/another2/, /someValue/base0/another3/, /someValue/base0/another1/, /someValue/base0/another4/, /someValue/base0/another0/]
SET children[/someValue/base0/another4/file1]
SET children[/someValue/]
SET children[/someValue/base2/, /someValue/base1/, /someValue/base3/, /someValue/base0/, /someValue/base4/]
SET children[/someValue/base2/another0/, /someValue/base2/another2/, /someValue/base2/another3/, /someValue/base2/another4/, /someValue/base2/another1/]
SET children[/someValue/base2/another3/file4, /someValue/base2/another3/file1, /someValue/base2/another3/file2, /someValue/base2/another3/file0]
SET children[/someValue/]
SET children[/someValue/base2/, /someValue/base1/, /someValue/base3/, /someValue/base0/, /someValue/base4/]
SET children[/someValue/base4/another3/, /someValue/base4/another1/, /someValue/base4/another4/, /someValue/base4/another0/, /someValue/base4/another2/]
SET children[/someValue/base4/another0/file2, /someValue/base4/another0/file4, /someValue/base4/another0/file0]
SET children[/someValue/]
SET children[/someValue/base2/, /someValue/base1/, /someValue/base3/, /someValue/base0/, /someValue/base4/]
SET children[/someValue/base2/another0/, /someValue/base2/another2/, /someValue/base2/another3/, /someValue/base2/another4/, /someValue/base2/another1/]
SET children[/someValue/base2/another2/file3, /someValue/base2/another2/file2, /someValue/base2/another2/file1, /someValue/base2/another2/file4]
SET children[/someValue/]
SET children[/someValue/base2/, /someValue/base1/, /someValue/base3/, /someValue/base0/, /someValue/base4/]
SET children[/someValue/base2/another0/, /someValue/base2/another2/, /someValue/base2/another3/, /someValue/base2/another4/, /someValue/base2/another1/]
SET children[/someValue/base2/another4/file3, /someValue/base2/another4/file4, /someValue/base2/another4/file0, /someValue/base2/another4/file1]
SET children[/someValue/]
SET children[/someValue/base2/, /someValue/base1/, /someValue/base3/, /someValue/base0/, /someValue/base4/]
SET children[/someValue/base1/another2/, /someValue/base1/another3/, /someValue/base1/another0/, /someValue/base1/another4/, /someValue/base1/another1/]
SET children[/someValue/base1/another1/file0, /someValue/base1/another1/file3, /someValue/base1/another1/file2]
SET children[/someValue/]
SET children[/someValue/base2/, /someValue/base1/, /someValue/base3/, /someValue/base0/, /someValue/base4/]
SET children[/someValue/base1/another2/, /someValue/base1/another3/, /someValue/base1/another0/, /someValue/base1/another4/, /someValue/base1/another1/]
SET children[/someValue/base1/another4/file4, /someValue/base1/another4/file2, /someValue/base1/another4/file3, /someValue/base1/another4/file0]
SET children[/someValue/]
SET children[/someValue/base2/, /someValue/base1/, /someValue/base3/, /someValue/base0/, /someValue/base4/]
SET children[/someValue/base0/another2/, /someValue/base0/another3/, /someValue/base0/another1/, /someValue/base0/another4/, /someValue/base0/another0/]
SET children[/someValue/base0/another4/file1, /someValue/base0/another4/file4]
SET children[/someValue/]
SET children[/someValue/base2/, /someValue/base1/, /someValue/base3/, /someValue/base0/, /someValue/base4/]
SET children[/someValue/base4/another3/, /someValue/base4/another1/, /someValue/base4/another4/, /someValue/base4/another0/, /someValue/base4/another2/]
SET children[/someValue/base4/another1/file0, /someValue/base4/another1/file1, /someValue/base4/another1/file2, /someValue/base4/another1/file4]
SET children[/someValue/]
SET children[/someValue/base2/, /someValue/base1/, /someValue/base3/, /someValue/base0/, /someValue/base4/]
SET children[/someValue/base0/another2/, /someValue/base0/another3/, /someValue/base0/another1/, /someValue/base0/another4/, /someValue/base0/another0/]
SET children[/someValue/base0/another0/file4, /someValue/base0/another0/file3, /someValue/base0/another0/file1]
SET children[/someValue/]
SET children[/someValue/base2/, /someValue/base1/, /someValue/base3/, /someValue/base0/, /someValue/base4/]
SET children[/someValue/base3/another3/, /someValue/base3/another0/, /someValue/base3/another2/, /someValue/base3/another4/, /someValue/base3/another1/]
SET children[/someValue/base3/another2/file1, /someValue/base3/another2/file0, /someValue/base3/another2/file2, /someValue/base3/another2/file4]
SET children[/someValue/]
SET children[/someValue/base2/, /someValue/base1/, /someValue/base3/, /someValue/base0/, /someValue/base4/]
SET children[/someValue/base3/another3/, /someValue/base3/another0/, /someValue/base3/another2/, /someValue/base3/another4/, /someValue/base3/another1/]
SET children[/someValue/base3/another1/file2, /someValue/base3/another1/file4, /someValue/base3/another1/file0]
SET children[/someValue/]
SET children[/someValue/base2/, /someValue/base1/, /someValue/base3/, /someValue/base0/, /someValue/base4/]
SET children[/someValue/base1/another2/, /someValue/base1/another3/, /someValue/base1/another0/, /someValue/base1/another4/, /someValue/base1/another1/]
SET children[/someValue/base1/another1/file0, /someValue/base1/another1/file3, /someValue/base1/another1/file2, /someValue/base1/another1/file4]
SET children[/someValue/]
SET children[/someValue/base2/, /someValue/base1/, /someValue/base3/, /someValue/base0/, /someValue/base4/]
SET children[/someValue/base0/another2/, /someValue/base0/another3/, /someValue/base0/another1/, /someValue/base0/another4/, /someValue/base0/another0/]
SET children[/someValue/base0/another4/file1, /someValue/base0/another4/file4, /someValue/base0/another4/file3]
SET children[/someValue/]
SET children[/someValue/base2/, /someValue/base1/, /someValue/base3/, /someValue/base0/, /someValue/base4/]
SET children[/someValue/base4/another3/, /someValue/base4/another1/, /someValue/base4/another4/, /someValue/base4/another0/, /someValue/base4/another2/]
SET children[/someValue/base4/another0/file2, /someValue/base4/another0/file4, /someValue/base4/another0/file0, /someValue/base4/another0/file1]
SET children[/someValue/]
SET children[/someValue/base2/, /someValue/base1/, /someValue/base3/, /someValue/base0/, /someValue/base4/]
SET children[/someValue/base3/another3/, /someValue/base3/another0/, /someValue/base3/another2/, /someValue/base3/another4/, /someValue/base3/another1/]
SET children[/someValue/base3/another1/file2, /someValue/base3/another1/file4, /someValue/base3/another1/file0, /someValue/base3/another1/file1]
SET children[/someValue/]
SET children[/someValue/base2/, /someValue/base1/, /someValue/base3/, /someValue/base0/, /someValue/base4/]
SET children[/someValue/base1/another2/, /someValue/base1/another3/, /someValue/base1/another0/, /someValue/base1/another4/, /someValue/base1/another1/]
SET children[/someValue/base1/another2/file3, /someValue/base1/another2/file4, /someValue/base1/another2/file0, /someValue/base1/another2/file2]
SET children[/someValue/]
SET children[/someValue/base2/, /someValue/base1/, /someValue/base3/, /someValue/base0/, /someValue/base4/]
SET children[/someValue/base4/another3/, /someValue/base4/another1/, /someValue/base4/another4/, /someValue/base4/another0/, /someValue/base4/another2/]
SET children[/someValue/base4/another4/file4, /someValue/base4/another4/file1, /someValue/base4/another4/file3, /someValue/base4/another4/file2]
SET children[/someValue/]
SET children[/someValue/base2/, /someValue/base1/, /someValue/base3/, /someValue/base0/, /someValue/base4/]
SET children[/someValue/base0/another2/, /someValue/base0/another3/, /someValue/base0/another1/, /someValue/base0/another4/, /someValue/base0/another0/]
SET children[/someValue/base0/another4/file1, /someValue/base0/another4/file4, /someValue/base0/another4/file3, /someValue/base0/another4/file2]
SET children[/someValue/]
SET children[/someValue/base2/, /someValue/base1/, /someValue/base3/, /someValue/base0/, /someValue/base4/]
SET children[/someValue/base0/another2/, /someValue/base0/another3/, /someValue/base0/another1/, /someValue/base0/another4/, /someValue/base0/another0/]
SET children[/someValue/base0/another0/file4, /someValue/base0/another0/file3, /someValue/base0/another0/file1, /someValue/base0/another0/file2]
SET children[/someValue/]
SET children[/someValue/base2/, /someValue/base1/, /someValue/base3/, /someValue/base0/, /someValue/base4/]
SET children[/someValue/base4/another3/, /someValue/base4/another1/, /someValue/base4/another4/, /someValue/base4/another0/, /someValue/base4/another2/]
SET children[/someValue/base4/another2/file0, /someValue/base4/another2/file3, /someValue/base4/another2/file2, /someValue/base4/another2/file4]
]]></system-out>
  </testcase>
  <testcase name="testDeleteRemovesFromDirectory" classname="edu.gmu.cs475.Part1FunctionalTests" time="4.933">
    <failure message="Expected to find all of the file keys deleted, but didn&apos;t. Here&apos;s what we found: [/someValue/base1/another3/, /someValue/base0/another2/, /someValue/base2/another2/, /someValue/base0/, /someValue/base0/another4/, /someValue/base2/another0/, /someValue/, /someValue/base3/another3/, /someValue/base4/another0/, /someValue/base3/another1/, /someValue/base4/another4/, /someValue/base4/another2/, /someValue/base4/, /someValue/base0/another0/, /someValue/base2/, /someValue/base2/another4/, /someValue/base1/another1/, /someValue/base1/another4/, /someValue/base1/, /someValue/base2/another3/, /someValue/base0/another3/, /someValue/base2/another1/, /someValue/base4/another1/, /someValue/base3/another4/, /someValue/base3/another2/, /someValue/base3/another0/, /someValue/base4/another3/, /someValue/base3/, /someValue/base0/another1/, /someValue/base1/another0/, /someValue/base1/another2/]" type="java.lang.AssertionError">java.lang.AssertionError: Expected to find all of the file keys deleted, but didn't. Here's what we found: [/someValue/base1/another3/, /someValue/base0/another2/, /someValue/base2/another2/, /someValue/base0/, /someValue/base0/another4/, /someValue/base2/another0/, /someValue/, /someValue/base3/another3/, /someValue/base4/another0/, /someValue/base3/another1/, /someValue/base4/another4/, /someValue/base4/another2/, /someValue/base4/, /someValue/base0/another0/, /someValue/base2/, /someValue/base2/another4/, /someValue/base1/another1/, /someValue/base1/another4/, /someValue/base1/, /someValue/base2/another3/, /someValue/base0/another3/, /someValue/base2/another1/, /someValue/base4/another1/, /someValue/base3/another4/, /someValue/base3/another2/, /someValue/base3/another0/, /someValue/base4/another3/, /someValue/base3/, /someValue/base0/another1/, /someValue/base1/another0/, /someValue/base1/another2/]
	at edu.gmu.cs475.Part1FunctionalTests.testDeleteRemovesFromDirectory(Part1FunctionalTests.java:168)
</failure>
    <system-out><![CDATA[SET children[]
SET children[]
SET children[]
SET children[]
SET children[/someValue/]
SET children[/someValue/base2/]
SET children[]
SET children[]
SET children[/someValue/]
SET children[/someValue/base2/, /someValue/base1/]
SET children[/someValue/base2/another0/]
SET children[]
SET children[/someValue/]
SET children[/someValue/base2/, /someValue/base1/]
SET children[]
SET children[]
SET children[/someValue/]
SET children[/someValue/base2/, /someValue/base1/, /someValue/base3/]
SET children[]
SET children[]
SET children[/someValue/]
SET children[/someValue/base2/, /someValue/base1/, /someValue/base3/, /someValue/base0/]
SET children[/someValue/base0/another2/]
SET children[/someValue/base0/another2/file4]
SET children[/someValue/]
SET children[/someValue/base2/, /someValue/base1/, /someValue/base3/, /someValue/base0/]
SET children[/someValue/base2/another0/, /someValue/base2/another2/]
SET children[]
SET children[/someValue/]
SET children[/someValue/base2/, /someValue/base1/, /someValue/base3/, /someValue/base0/]
SET children[]
SET children[]
SET children[/someValue/]
SET children[/someValue/base2/, /someValue/base1/, /someValue/base3/, /someValue/base0/, /someValue/base4/]
SET children[/someValue/base2/another0/, /someValue/base2/another2/, /someValue/base2/another3/]
SET children[/someValue/base2/another3/file4]
SET children[/someValue/]
SET children[/someValue/base2/, /someValue/base1/, /someValue/base3/, /someValue/base0/, /someValue/base4/]
SET children[/someValue/base4/another3/]
SET children[]
SET children[/someValue/]
SET children[/someValue/base2/, /someValue/base1/, /someValue/base3/, /someValue/base0/, /someValue/base4/]
SET children[/someValue/base1/another2/]
SET children[]
SET children[/someValue/]
SET children[/someValue/base2/, /someValue/base1/, /someValue/base3/, /someValue/base0/, /someValue/base4/]
SET children[/someValue/base2/another0/, /someValue/base2/another2/, /someValue/base2/another3/]
SET children[]
SET children[/someValue/]
SET children[/someValue/base2/, /someValue/base1/, /someValue/base3/, /someValue/base0/, /someValue/base4/]
SET children[/someValue/base3/another3/]
SET children[]
SET children[/someValue/]
SET children[/someValue/base2/, /someValue/base1/, /someValue/base3/, /someValue/base0/, /someValue/base4/]
SET children[/someValue/base2/another0/, /someValue/base2/another2/, /someValue/base2/another3/, /someValue/base2/another4/]
SET children[/someValue/base2/another0/file0]
SET children[/someValue/]
SET children[/someValue/base2/, /someValue/base1/, /someValue/base3/, /someValue/base0/, /someValue/base4/]
SET children[/someValue/base3/another3/, /someValue/base3/another0/]
SET children[]
SET children[/someValue/]
SET children[/someValue/base2/, /someValue/base1/, /someValue/base3/, /someValue/base0/, /someValue/base4/]
SET children[/someValue/base3/another3/, /someValue/base3/another0/, /someValue/base3/another2/]
SET children[/someValue/base3/another3/file3]
SET children[/someValue/]
SET children[/someValue/base2/, /someValue/base1/, /someValue/base3/, /someValue/base0/, /someValue/base4/]
SET children[/someValue/base3/another3/, /someValue/base3/another0/, /someValue/base3/another2/]
SET children[]
SET children[/someValue/]
SET children[/someValue/base2/, /someValue/base1/, /someValue/base3/, /someValue/base0/, /someValue/base4/]
SET children[/someValue/base3/another3/, /someValue/base3/another0/, /someValue/base3/another2/, /someValue/base3/another4/]
SET children[/someValue/base3/another2/file1]
SET children[/someValue/]
SET children[/someValue/base2/, /someValue/base1/, /someValue/base3/, /someValue/base0/, /someValue/base4/]
SET children[/someValue/base0/another2/]
SET children[]
SET children[/someValue/]
SET children[/someValue/base2/, /someValue/base1/, /someValue/base3/, /someValue/base0/, /someValue/base4/]
SET children[/someValue/base2/another0/, /someValue/base2/another2/, /someValue/base2/another3/, /someValue/base2/another4/]
SET children[/someValue/base2/another2/file3]
SET children[/someValue/]
SET children[/someValue/base2/, /someValue/base1/, /someValue/base3/, /someValue/base0/, /someValue/base4/]
SET children[/someValue/base4/another3/, /someValue/base4/another1/]
SET children[]
SET children[/someValue/]
SET children[/someValue/base2/, /someValue/base1/, /someValue/base3/, /someValue/base0/, /someValue/base4/]
SET children[/someValue/base3/another3/, /someValue/base3/another0/, /someValue/base3/another2/, /someValue/base3/another4/]
SET children[/someValue/base3/another2/file1, /someValue/base3/another2/file0]
SET children[/someValue/]
SET children[/someValue/base2/, /someValue/base1/, /someValue/base3/, /someValue/base0/, /someValue/base4/]
SET children[/someValue/base4/another3/, /someValue/base4/another1/, /someValue/base4/another4/]
SET children[]
SET children[/someValue/]
SET children[/someValue/base2/, /someValue/base1/, /someValue/base3/, /someValue/base0/, /someValue/base4/]
SET children[/someValue/base1/another2/, /someValue/base1/another3/]
SET children[]
SET children[/someValue/]
SET children[/someValue/base2/, /someValue/base1/, /someValue/base3/, /someValue/base0/, /someValue/base4/]
SET children[/someValue/base1/another2/, /someValue/base1/another3/, /someValue/base1/another0/]
SET children[]
SET children[/someValue/]
SET children[/someValue/base2/, /someValue/base1/, /someValue/base3/, /someValue/base0/, /someValue/base4/]
SET children[/someValue/base4/another3/, /someValue/base4/another1/, /someValue/base4/another4/, /someValue/base4/another0/]
SET children[]
SET children[/someValue/]
SET children[/someValue/base2/, /someValue/base1/, /someValue/base3/, /someValue/base0/, /someValue/base4/]
SET children[/someValue/base1/another2/, /someValue/base1/another3/, /someValue/base1/another0/, /someValue/base1/another4/]
SET children[/someValue/base1/another0/file4]
SET children[/someValue/]
SET children[/someValue/base2/, /someValue/base1/, /someValue/base3/, /someValue/base0/, /someValue/base4/]
SET children[/someValue/base3/another3/, /someValue/base3/another0/, /someValue/base3/another2/, /someValue/base3/another4/]
SET children[/someValue/base3/another4/file4]
SET children[/someValue/]
SET children[/someValue/base2/, /someValue/base1/, /someValue/base3/, /someValue/base0/, /someValue/base4/]
SET children[/someValue/base4/another3/, /someValue/base4/another1/, /someValue/base4/another4/, /someValue/base4/another0/, /someValue/base4/another2/]
SET children[/someValue/base4/another3/file1]
SET children[/someValue/]
SET children[/someValue/base2/, /someValue/base1/, /someValue/base3/, /someValue/base0/, /someValue/base4/]
SET children[/someValue/base1/another2/, /someValue/base1/another3/, /someValue/base1/another0/, /someValue/base1/another4/]
SET children[/someValue/base1/another2/file3]
SET children[/someValue/]
SET children[/someValue/base2/, /someValue/base1/, /someValue/base3/, /someValue/base0/, /someValue/base4/]
SET children[/someValue/base1/another2/, /someValue/base1/another3/, /someValue/base1/another0/, /someValue/base1/another4/]
SET children[/someValue/base1/another0/file4, /someValue/base1/another0/file1]
SET children[/someValue/]
SET children[/someValue/base2/, /someValue/base1/, /someValue/base3/, /someValue/base0/, /someValue/base4/]
SET children[/someValue/base0/another2/, /someValue/base0/another3/]
SET children[/someValue/base0/another3/file0]
SET children[/someValue/]
SET children[/someValue/base2/, /someValue/base1/, /someValue/base3/, /someValue/base0/, /someValue/base4/]
SET children[/someValue/base3/another3/, /someValue/base3/another0/, /someValue/base3/another2/, /someValue/base3/another4/]
SET children[/someValue/base3/another3/file3, /someValue/base3/another3/file0]
SET children[/someValue/]
SET children[/someValue/base2/, /someValue/base1/, /someValue/base3/, /someValue/base0/, /someValue/base4/]
SET children[/someValue/base2/another0/, /someValue/base2/another2/, /someValue/base2/another3/, /someValue/base2/another4/]
SET children[/someValue/base2/another4/file3]
SET children[/someValue/]
SET children[/someValue/base2/, /someValue/base1/, /someValue/base3/, /someValue/base0/, /someValue/base4/]
SET children[/someValue/base2/another0/, /someValue/base2/another2/, /someValue/base2/another3/, /someValue/base2/another4/]
SET children[]
SET children[/someValue/]
SET children[/someValue/base2/, /someValue/base1/, /someValue/base3/, /someValue/base0/, /someValue/base4/]
SET children[/someValue/base4/another3/, /someValue/base4/another1/, /someValue/base4/another4/, /someValue/base4/another0/, /someValue/base4/another2/]
SET children[/someValue/base4/another4/file4]
SET children[/someValue/]
SET children[/someValue/base2/, /someValue/base1/, /someValue/base3/, /someValue/base0/, /someValue/base4/]
SET children[/someValue/base0/another2/, /someValue/base0/another3/]
SET children[/someValue/base0/another2/file4, /someValue/base0/another2/file3]
SET children[/someValue/]
SET children[/someValue/base2/, /someValue/base1/, /someValue/base3/, /someValue/base0/, /someValue/base4/]
SET children[/someValue/base2/another0/, /someValue/base2/another2/, /someValue/base2/another3/, /someValue/base2/another4/, /someValue/base2/another1/]
SET children[/someValue/base2/another1/file0]
SET children[/someValue/]
SET children[/someValue/base2/, /someValue/base1/, /someValue/base3/, /someValue/base0/, /someValue/base4/]
SET children[/someValue/base2/another0/, /someValue/base2/another2/, /someValue/base2/another3/, /someValue/base2/another4/, /someValue/base2/another1/]
SET children[/someValue/base2/another2/file3, /someValue/base2/another2/file2]
SET children[/someValue/]
SET children[/someValue/base2/, /someValue/base1/, /someValue/base3/, /someValue/base0/, /someValue/base4/]
SET children[/someValue/base1/another2/, /someValue/base1/another3/, /someValue/base1/another0/, /someValue/base1/another4/]
SET children[/someValue/base1/another0/file4, /someValue/base1/another0/file1, /someValue/base1/another0/file3]
SET children[/someValue/]
SET children[/someValue/base2/, /someValue/base1/, /someValue/base3/, /someValue/base0/, /someValue/base4/]
SET children[/someValue/base0/another2/, /someValue/base0/another3/]
SET children[]
SET children[/someValue/]
SET children[/someValue/base2/, /someValue/base1/, /someValue/base3/, /someValue/base0/, /someValue/base4/]
SET children[/someValue/base3/another3/, /someValue/base3/another0/, /someValue/base3/another2/, /someValue/base3/another4/]
SET children[/someValue/base3/another4/file4, /someValue/base3/another4/file3]
SET children[/someValue/]
SET children[/someValue/base2/, /someValue/base1/, /someValue/base3/, /someValue/base0/, /someValue/base4/]
SET children[/someValue/base4/another3/, /someValue/base4/another1/, /someValue/base4/another4/, /someValue/base4/another0/, /someValue/base4/another2/]
SET children[/someValue/base4/another1/file0]
SET children[/someValue/]
SET children[/someValue/base2/, /someValue/base1/, /someValue/base3/, /someValue/base0/, /someValue/base4/]
SET children[/someValue/base1/another2/, /someValue/base1/another3/, /someValue/base1/another0/, /someValue/base1/another4/]
SET children[/someValue/base1/another4/file4]
SET children[/someValue/]
SET children[/someValue/base2/, /someValue/base1/, /someValue/base3/, /someValue/base0/, /someValue/base4/]
SET children[/someValue/base0/another2/, /someValue/base0/another3/, /someValue/base0/another1/]
SET children[/someValue/base0/another3/file0, /someValue/base0/another3/file3]
SET children[/someValue/]
SET children[/someValue/base2/, /someValue/base1/, /someValue/base3/, /someValue/base0/, /someValue/base4/]
SET children[/someValue/base0/another2/, /someValue/base0/another3/, /someValue/base0/another1/]
SET children[/someValue/base0/another1/file3]
SET children[/someValue/]
SET children[/someValue/base2/, /someValue/base1/, /someValue/base3/, /someValue/base0/, /someValue/base4/]
SET children[/someValue/base1/another2/, /someValue/base1/another3/, /someValue/base1/another0/, /someValue/base1/another4/]
SET children[]
SET children[/someValue/]
SET children[/someValue/base2/, /someValue/base1/, /someValue/base3/, /someValue/base0/, /someValue/base4/]
SET children[/someValue/base4/another3/, /someValue/base4/another1/, /someValue/base4/another4/, /someValue/base4/another0/, /someValue/base4/another2/]
SET children[/someValue/base4/another4/file4, /someValue/base4/another4/file1]
SET children[/someValue/]
SET children[/someValue/base2/, /someValue/base1/, /someValue/base3/, /someValue/base0/, /someValue/base4/]
SET children[/someValue/base4/another3/, /someValue/base4/another1/, /someValue/base4/another4/, /someValue/base4/another0/, /someValue/base4/another2/]
SET children[/someValue/base4/another2/file0]
SET children[/someValue/]
SET children[/someValue/base2/, /someValue/base1/, /someValue/base3/, /someValue/base0/, /someValue/base4/]
SET children[/someValue/base1/another2/, /someValue/base1/another3/, /someValue/base1/another0/, /someValue/base1/another4/, /someValue/base1/another1/]
SET children[/someValue/base1/another3/file4]
SET children[/someValue/]
SET children[/someValue/base2/, /someValue/base1/, /someValue/base3/, /someValue/base0/, /someValue/base4/]
SET children[/someValue/base4/another3/, /someValue/base4/another1/, /someValue/base4/another4/, /someValue/base4/another0/, /someValue/base4/another2/]
SET children[/someValue/base4/another3/file1, /someValue/base4/another3/file0]
SET children[/someValue/]
SET children[/someValue/base2/, /someValue/base1/, /someValue/base3/, /someValue/base0/, /someValue/base4/]
SET children[/someValue/base0/another2/, /someValue/base0/another3/, /someValue/base0/another1/]
SET children[]
SET children[/someValue/]
SET children[/someValue/base2/, /someValue/base1/, /someValue/base3/, /someValue/base0/, /someValue/base4/]
SET children[/someValue/base4/another3/, /someValue/base4/another1/, /someValue/base4/another4/, /someValue/base4/another0/, /someValue/base4/another2/]
SET children[/someValue/base4/another0/file2]
SET children[/someValue/]
SET children[/someValue/base2/, /someValue/base1/, /someValue/base3/, /someValue/base0/, /someValue/base4/]
SET children[/someValue/base4/another3/, /someValue/base4/another1/, /someValue/base4/another4/, /someValue/base4/another0/, /someValue/base4/another2/]
SET children[/someValue/base4/another2/file0, /someValue/base4/another2/file3]
SET children[/someValue/]
SET children[/someValue/base2/, /someValue/base1/, /someValue/base3/, /someValue/base0/, /someValue/base4/]
SET children[/someValue/base1/another2/, /someValue/base1/another3/, /someValue/base1/another0/, /someValue/base1/another4/, /someValue/base1/another1/]
SET children[/someValue/base1/another3/file4, /someValue/base1/another3/file1]
SET children[/someValue/]
SET children[/someValue/base2/, /someValue/base1/, /someValue/base3/, /someValue/base0/, /someValue/base4/]
SET children[/someValue/base0/another2/, /someValue/base0/another3/, /someValue/base0/another1/, /someValue/base0/another4/]
SET children[/someValue/base0/another3/file0, /someValue/base0/another3/file3, /someValue/base0/another3/file1]
SET children[/someValue/]
SET children[/someValue/base2/, /someValue/base1/, /someValue/base3/, /someValue/base0/, /someValue/base4/]
SET children[/someValue/base3/another3/, /someValue/base3/another0/, /someValue/base3/another2/, /someValue/base3/another4/]
SET children[/someValue/base3/another2/file1, /someValue/base3/another2/file0, /someValue/base3/another2/file2]
SET children[/someValue/]
SET children[/someValue/base2/, /someValue/base1/, /someValue/base3/, /someValue/base0/, /someValue/base4/]
SET children[/someValue/base0/another2/, /someValue/base0/another3/, /someValue/base0/another1/, /someValue/base0/another4/]
SET children[/someValue/base0/another2/file4, /someValue/base0/another2/file3, /someValue/base0/another2/file2]
SET children[/someValue/]
SET children[/someValue/base2/, /someValue/base1/, /someValue/base3/, /someValue/base0/, /someValue/base4/]
SET children[/someValue/base3/another3/, /someValue/base3/another0/, /someValue/base3/another2/, /someValue/base3/another4/]
SET children[/someValue/base3/another4/file4, /someValue/base3/another4/file3, /someValue/base3/another4/file2]
SET children[/someValue/]
SET children[/someValue/base2/, /someValue/base1/, /someValue/base3/, /someValue/base0/, /someValue/base4/]
SET children[/someValue/base0/another2/, /someValue/base0/another3/, /someValue/base0/another1/, /someValue/base0/another4/]
SET children[/someValue/base0/another1/file3, /someValue/base0/another1/file2]
SET children[/someValue/]
SET children[/someValue/base2/, /someValue/base1/, /someValue/base3/, /someValue/base0/, /someValue/base4/]
SET children[/someValue/base4/another3/, /someValue/base4/another1/, /someValue/base4/another4/, /someValue/base4/another0/, /someValue/base4/another2/]
SET children[/someValue/base4/another4/file4, /someValue/base4/another4/file1, /someValue/base4/another4/file3]
SET children[/someValue/]
SET children[/someValue/base2/, /someValue/base1/, /someValue/base3/, /someValue/base0/, /someValue/base4/]
SET children[/someValue/base1/another2/, /someValue/base1/another3/, /someValue/base1/another0/, /someValue/base1/another4/, /someValue/base1/another1/]
SET children[/someValue/base1/another4/file4, /someValue/base1/another4/file2]
SET children[/someValue/]
SET children[/someValue/base2/, /someValue/base1/, /someValue/base3/, /someValue/base0/, /someValue/base4/]
SET children[/someValue/base0/another2/, /someValue/base0/another3/, /someValue/base0/another1/, /someValue/base0/another4/]
SET children[/someValue/base0/another1/file3, /someValue/base0/another1/file2, /someValue/base0/another1/file1]
SET children[/someValue/]
SET children[/someValue/base2/, /someValue/base1/, /someValue/base3/, /someValue/base0/, /someValue/base4/]
SET children[/someValue/base0/another2/, /someValue/base0/another3/, /someValue/base0/another1/, /someValue/base0/another4/]
SET children[]
SET children[/someValue/]
SET children[/someValue/base2/, /someValue/base1/, /someValue/base3/, /someValue/base0/, /someValue/base4/]
SET children[/someValue/base3/another3/, /someValue/base3/another0/, /someValue/base3/another2/, /someValue/base3/another4/]
SET children[/someValue/base3/another0/file1]
SET children[/someValue/]
SET children[/someValue/base2/, /someValue/base1/, /someValue/base3/, /someValue/base0/, /someValue/base4/]
SET children[/someValue/base4/another3/, /someValue/base4/another1/, /someValue/base4/another4/, /someValue/base4/another0/, /someValue/base4/another2/]
SET children[/someValue/base4/another2/file0, /someValue/base4/another2/file3, /someValue/base4/another2/file2]
SET children[/someValue/]
SET children[/someValue/base2/, /someValue/base1/, /someValue/base3/, /someValue/base0/, /someValue/base4/]
SET children[/someValue/base3/another3/, /someValue/base3/another0/, /someValue/base3/another2/, /someValue/base3/another4/]
SET children[/someValue/base3/another0/file1, /someValue/base3/another0/file0]
SET children[/someValue/]
SET children[/someValue/base2/, /someValue/base1/, /someValue/base3/, /someValue/base0/, /someValue/base4/]
SET children[/someValue/base4/another3/, /someValue/base4/another1/, /someValue/base4/another4/, /someValue/base4/another0/, /someValue/base4/another2/]
SET children[/someValue/base4/another3/file1, /someValue/base4/another3/file0, /someValue/base4/another3/file4]
SET children[/someValue/]
SET children[/someValue/base2/, /someValue/base1/, /someValue/base3/, /someValue/base0/, /someValue/base4/]
SET children[/someValue/base3/another3/, /someValue/base3/another0/, /someValue/base3/another2/, /someValue/base3/another4/]
SET children[]
SET children[/someValue/]
SET children[/someValue/base2/, /someValue/base1/, /someValue/base3/, /someValue/base0/, /someValue/base4/]
SET children[/someValue/base0/another2/, /someValue/base0/another3/, /someValue/base0/another1/, /someValue/base0/another4/, /someValue/base0/another0/]
SET children[/someValue/base0/another1/file3, /someValue/base0/another1/file2, /someValue/base0/another1/file1, /someValue/base0/another1/file4]
SET children[/someValue/]
SET children[/someValue/base2/, /someValue/base1/, /someValue/base3/, /someValue/base0/, /someValue/base4/]
SET children[/someValue/base2/another0/, /someValue/base2/another2/, /someValue/base2/another3/, /someValue/base2/another4/, /someValue/base2/another1/]
SET children[/someValue/base2/another3/file4, /someValue/base2/another3/file1]
SET children[/someValue/]
SET children[/someValue/base2/, /someValue/base1/, /someValue/base3/, /someValue/base0/, /someValue/base4/]
SET children[/someValue/base1/another2/, /someValue/base1/another3/, /someValue/base1/another0/, /someValue/base1/another4/, /someValue/base1/another1/]
SET children[/someValue/base1/another1/file0]
SET children[/someValue/]
SET children[/someValue/base2/, /someValue/base1/, /someValue/base3/, /someValue/base0/, /someValue/base4/]
SET children[/someValue/base3/another3/, /someValue/base3/another0/, /someValue/base3/another2/, /someValue/base3/another4/, /someValue/base3/another1/]
SET children[/someValue/base3/another4/file4, /someValue/base3/another4/file3, /someValue/base3/another4/file2, /someValue/base3/another4/file1]
SET children[/someValue/]
SET children[/someValue/base2/, /someValue/base1/, /someValue/base3/, /someValue/base0/, /someValue/base4/]
SET children[/someValue/base1/another2/, /someValue/base1/another3/, /someValue/base1/another0/, /someValue/base1/another4/, /someValue/base1/another1/]
SET children[/someValue/base1/another0/file4, /someValue/base1/another0/file1, /someValue/base1/another0/file3, /someValue/base1/another0/file2]
SET children[/someValue/]
SET children[/someValue/base2/, /someValue/base1/, /someValue/base3/, /someValue/base0/, /someValue/base4/]
SET children[/someValue/base1/another2/, /someValue/base1/another3/, /someValue/base1/another0/, /someValue/base1/another4/, /someValue/base1/another1/]
SET children[/someValue/base1/another1/file0, /someValue/base1/another1/file3]
SET children[/someValue/]
SET children[/someValue/base2/, /someValue/base1/, /someValue/base3/, /someValue/base0/, /someValue/base4/]
SET children[/someValue/base3/another3/, /someValue/base3/another0/, /someValue/base3/another2/, /someValue/base3/another4/, /someValue/base3/another1/]
SET children[/someValue/base3/another3/file3, /someValue/base3/another3/file0, /someValue/base3/another3/file4]
SET children[/someValue/]
SET children[/someValue/base2/, /someValue/base1/, /someValue/base3/, /someValue/base0/, /someValue/base4/]
SET children[/someValue/base3/another3/, /someValue/base3/another0/, /someValue/base3/another2/, /someValue/base3/another4/, /someValue/base3/another1/]
SET children[/someValue/base3/another0/file1, /someValue/base3/another0/file0, /someValue/base3/another0/file3]
SET children[/someValue/]
SET children[/someValue/base2/, /someValue/base1/, /someValue/base3/, /someValue/base0/, /someValue/base4/]
SET children[/someValue/base2/another0/, /someValue/base2/another2/, /someValue/base2/another3/, /someValue/base2/another4/, /someValue/base2/another1/]
SET children[/someValue/base2/another4/file3, /someValue/base2/another4/file4]
SET children[/someValue/]
SET children[/someValue/base2/, /someValue/base1/, /someValue/base3/, /someValue/base0/, /someValue/base4/]
SET children[/someValue/base1/another2/, /someValue/base1/another3/, /someValue/base1/another0/, /someValue/base1/another4/, /someValue/base1/another1/]
SET children[/someValue/base1/another4/file4, /someValue/base1/another4/file2, /someValue/base1/another4/file3]
SET children[/someValue/]
SET children[/someValue/base2/, /someValue/base1/, /someValue/base3/, /someValue/base0/, /someValue/base4/]
SET children[/someValue/base2/another0/, /someValue/base2/another2/, /someValue/base2/another3/, /someValue/base2/another4/, /someValue/base2/another1/]
SET children[/someValue/base2/another0/file0, /someValue/base2/another0/file1]
SET children[/someValue/]
SET children[/someValue/base2/, /someValue/base1/, /someValue/base3/, /someValue/base0/, /someValue/base4/]
SET children[/someValue/base4/another3/, /someValue/base4/another1/, /someValue/base4/another4/, /someValue/base4/another0/, /someValue/base4/another2/]
SET children[/someValue/base4/another0/file2, /someValue/base4/another0/file4]
SET children[/someValue/]
SET children[/someValue/base2/, /someValue/base1/, /someValue/base3/, /someValue/base0/, /someValue/base4/]
SET children[/someValue/base2/another0/, /someValue/base2/another2/, /someValue/base2/another3/, /someValue/base2/another4/, /someValue/base2/another1/]
SET children[/someValue/base2/another2/file3, /someValue/base2/another2/file2, /someValue/base2/another2/file1]
SET children[/someValue/]
SET children[/someValue/base2/, /someValue/base1/, /someValue/base3/, /someValue/base0/, /someValue/base4/]
SET children[/someValue/base4/another3/, /someValue/base4/another1/, /someValue/base4/another4/, /someValue/base4/another0/, /someValue/base4/another2/]
SET children[/someValue/base4/another1/file0, /someValue/base4/another1/file1]
SET children[/someValue/]
SET children[/someValue/base2/, /someValue/base1/, /someValue/base3/, /someValue/base0/, /someValue/base4/]
SET children[/someValue/base4/another3/, /someValue/base4/another1/, /someValue/base4/another4/, /someValue/base4/another0/, /someValue/base4/another2/]
SET children[/someValue/base4/another3/file1, /someValue/base4/another3/file0, /someValue/base4/another3/file4, /someValue/base4/another3/file3]
SET children[/someValue/]
SET children[/someValue/base2/, /someValue/base1/, /someValue/base3/, /someValue/base0/, /someValue/base4/]
SET children[/someValue/base0/another2/, /someValue/base0/another3/, /someValue/base0/another1/, /someValue/base0/another4/, /someValue/base0/another0/]
SET children[/someValue/base0/another2/file4, /someValue/base0/another2/file3, /someValue/base0/another2/file2, /someValue/base0/another2/file1]
SET children[/someValue/]
SET children[/someValue/base2/, /someValue/base1/, /someValue/base3/, /someValue/base0/, /someValue/base4/]
SET children[/someValue/base3/another3/, /someValue/base3/another0/, /someValue/base3/another2/, /someValue/base3/another4/, /someValue/base3/another1/]
SET children[/someValue/base3/another1/file2]
SET children[/someValue/]
SET children[/someValue/base2/, /someValue/base1/, /someValue/base3/, /someValue/base0/, /someValue/base4/]
SET children[/someValue/base2/another0/, /someValue/base2/another2/, /someValue/base2/another3/, /someValue/base2/another4/, /someValue/base2/another1/]
SET children[/someValue/base2/another4/file3, /someValue/base2/another4/file4, /someValue/base2/another4/file0]
SET children[/someValue/]
SET children[/someValue/base2/, /someValue/base1/, /someValue/base3/, /someValue/base0/, /someValue/base4/]
SET children[/someValue/base0/another2/, /someValue/base0/another3/, /someValue/base0/another1/, /someValue/base0/another4/, /someValue/base0/another0/]
SET children[/someValue/base0/another3/file0, /someValue/base0/another3/file3, /someValue/base0/another3/file1, /someValue/base0/another3/file2]
SET children[/someValue/]
SET children[/someValue/base2/, /someValue/base1/, /someValue/base3/, /someValue/base0/, /someValue/base4/]
SET children[/someValue/base2/another0/, /someValue/base2/another2/, /someValue/base2/another3/, /someValue/base2/another4/, /someValue/base2/another1/]
SET children[/someValue/base2/another1/file0, /someValue/base2/another1/file4]
SET children[/someValue/]
SET children[/someValue/base2/, /someValue/base1/, /someValue/base3/, /someValue/base0/, /someValue/base4/]
SET children[/someValue/base3/another3/, /someValue/base3/another0/, /someValue/base3/another2/, /someValue/base3/another4/, /someValue/base3/another1/]
SET children[/someValue/base3/another0/file1, /someValue/base3/another0/file0, /someValue/base3/another0/file3, /someValue/base3/another0/file2]
SET children[/someValue/]
SET children[/someValue/base2/, /someValue/base1/, /someValue/base3/, /someValue/base0/, /someValue/base4/]
SET children[/someValue/base1/another2/, /someValue/base1/another3/, /someValue/base1/another0/, /someValue/base1/another4/, /someValue/base1/another1/]
SET children[/someValue/base1/another2/file3, /someValue/base1/another2/file4]
SET children[/someValue/]
SET children[/someValue/base2/, /someValue/base1/, /someValue/base3/, /someValue/base0/, /someValue/base4/]
SET children[/someValue/base2/another0/, /someValue/base2/another2/, /someValue/base2/another3/, /someValue/base2/another4/, /someValue/base2/another1/]
SET children[/someValue/base2/another0/file0, /someValue/base2/another0/file1, /someValue/base2/another0/file4]
SET children[/someValue/]
SET children[/someValue/base2/, /someValue/base1/, /someValue/base3/, /someValue/base0/, /someValue/base4/]
SET children[/someValue/base1/another2/, /someValue/base1/another3/, /someValue/base1/another0/, /someValue/base1/another4/, /someValue/base1/another1/]
SET children[/someValue/base1/another3/file4, /someValue/base1/another3/file1, /someValue/base1/another3/file3]
SET children[/someValue/]
SET children[/someValue/base2/, /someValue/base1/, /someValue/base3/, /someValue/base0/, /someValue/base4/]
SET children[/someValue/base1/another2/, /someValue/base1/another3/, /someValue/base1/another0/, /someValue/base1/another4/, /someValue/base1/another1/]
SET children[/someValue/base1/another3/file4, /someValue/base1/another3/file1, /someValue/base1/another3/file3, /someValue/base1/another3/file2]
SET children[/someValue/]
SET children[/someValue/base2/, /someValue/base1/, /someValue/base3/, /someValue/base0/, /someValue/base4/]
SET children[/someValue/base4/another3/, /someValue/base4/another1/, /someValue/base4/another4/, /someValue/base4/another0/, /someValue/base4/another2/]
SET children[/someValue/base4/another1/file0, /someValue/base4/another1/file1, /someValue/base4/another1/file2]
SET children[/someValue/]
SET children[/someValue/base2/, /someValue/base1/, /someValue/base3/, /someValue/base0/, /someValue/base4/]
SET children[/someValue/base3/another3/, /someValue/base3/another0/, /someValue/base3/another2/, /someValue/base3/another4/, /someValue/base3/another1/]
SET children[/someValue/base3/another3/file3, /someValue/base3/another3/file0, /someValue/base3/another3/file4, /someValue/base3/another3/file1]
SET children[/someValue/]
SET children[/someValue/base2/, /someValue/base1/, /someValue/base3/, /someValue/base0/, /someValue/base4/]
SET children[/someValue/base0/another2/, /someValue/base0/another3/, /someValue/base0/another1/, /someValue/base0/another4/, /someValue/base0/another0/]
SET children[/someValue/base0/another0/file4]
SET children[/someValue/]
SET children[/someValue/base2/, /someValue/base1/, /someValue/base3/, /someValue/base0/, /someValue/base4/]
SET children[/someValue/base2/another0/, /someValue/base2/another2/, /someValue/base2/another3/, /someValue/base2/another4/, /someValue/base2/another1/]
SET children[/someValue/base2/another1/file0, /someValue/base2/another1/file4, /someValue/base2/another1/file1]
SET children[/someValue/]
SET children[/someValue/base2/, /someValue/base1/, /someValue/base3/, /someValue/base0/, /someValue/base4/]
SET children[/someValue/base2/another0/, /someValue/base2/another2/, /someValue/base2/another3/, /someValue/base2/another4/, /someValue/base2/another1/]
SET children[/someValue/base2/another0/file0, /someValue/base2/another0/file1, /someValue/base2/another0/file4, /someValue/base2/another0/file3]
SET children[/someValue/]
SET children[/someValue/base2/, /someValue/base1/, /someValue/base3/, /someValue/base0/, /someValue/base4/]
SET children[/someValue/base2/another0/, /someValue/base2/another2/, /someValue/base2/another3/, /someValue/base2/another4/, /someValue/base2/another1/]
SET children[/someValue/base2/another1/file0, /someValue/base2/another1/file4, /someValue/base2/another1/file1, /someValue/base2/another1/file2]
SET children[/someValue/]
SET children[/someValue/base2/, /someValue/base1/, /someValue/base3/, /someValue/base0/, /someValue/base4/]
SET children[/someValue/base2/another0/, /someValue/base2/another2/, /someValue/base2/another3/, /someValue/base2/another4/, /someValue/base2/another1/]
SET children[/someValue/base2/another3/file4, /someValue/base2/another3/file1, /someValue/base2/another3/file2]
SET children[/someValue/]
SET children[/someValue/base2/, /someValue/base1/, /someValue/base3/, /someValue/base0/, /someValue/base4/]
SET children[/someValue/base1/another2/, /someValue/base1/another3/, /someValue/base1/another0/, /someValue/base1/another4/, /someValue/base1/another1/]
SET children[/someValue/base1/another2/file3, /someValue/base1/another2/file4, /someValue/base1/another2/file0]
SET children[/someValue/]
SET children[/someValue/base2/, /someValue/base1/, /someValue/base3/, /someValue/base0/, /someValue/base4/]
SET children[/someValue/base0/another2/, /someValue/base0/another3/, /someValue/base0/another1/, /someValue/base0/another4/, /someValue/base0/another0/]
SET children[/someValue/base0/another0/file4, /someValue/base0/another0/file3]
SET children[/someValue/]
SET children[/someValue/base2/, /someValue/base1/, /someValue/base3/, /someValue/base0/, /someValue/base4/]
SET children[/someValue/base3/another3/, /someValue/base3/another0/, /someValue/base3/another2/, /someValue/base3/another4/, /someValue/base3/another1/]
SET children[/someValue/base3/another1/file2, /someValue/base3/another1/file4]
SET children[/someValue/]
SET children[/someValue/base2/, /someValue/base1/, /someValue/base3/, /someValue/base0/, /someValue/base4/]
SET children[/someValue/base0/another2/, /someValue/base0/another3/, /someValue/base0/another1/, /someValue/base0/another4/, /someValue/base0/another0/]
SET children[/someValue/base0/another4/file1]
SET children[/someValue/]
SET children[/someValue/base2/, /someValue/base1/, /someValue/base3/, /someValue/base0/, /someValue/base4/]
SET children[/someValue/base2/another0/, /someValue/base2/another2/, /someValue/base2/another3/, /someValue/base2/another4/, /someValue/base2/another1/]
SET children[/someValue/base2/another3/file4, /someValue/base2/another3/file1, /someValue/base2/another3/file2, /someValue/base2/another3/file0]
SET children[/someValue/]
SET children[/someValue/base2/, /someValue/base1/, /someValue/base3/, /someValue/base0/, /someValue/base4/]
SET children[/someValue/base4/another3/, /someValue/base4/another1/, /someValue/base4/another4/, /someValue/base4/another0/, /someValue/base4/another2/]
SET children[/someValue/base4/another0/file2, /someValue/base4/another0/file4, /someValue/base4/another0/file0]
SET children[/someValue/]
SET children[/someValue/base2/, /someValue/base1/, /someValue/base3/, /someValue/base0/, /someValue/base4/]
SET children[/someValue/base2/another0/, /someValue/base2/another2/, /someValue/base2/another3/, /someValue/base2/another4/, /someValue/base2/another1/]
SET children[/someValue/base2/another2/file3, /someValue/base2/another2/file2, /someValue/base2/another2/file1, /someValue/base2/another2/file4]
SET children[/someValue/]
SET children[/someValue/base2/, /someValue/base1/, /someValue/base3/, /someValue/base0/, /someValue/base4/]
SET children[/someValue/base2/another0/, /someValue/base2/another2/, /someValue/base2/another3/, /someValue/base2/another4/, /someValue/base2/another1/]
SET children[/someValue/base2/another4/file3, /someValue/base2/another4/file4, /someValue/base2/another4/file0, /someValue/base2/another4/file1]
SET children[/someValue/]
SET children[/someValue/base2/, /someValue/base1/, /someValue/base3/, /someValue/base0/, /someValue/base4/]
SET children[/someValue/base1/another2/, /someValue/base1/another3/, /someValue/base1/another0/, /someValue/base1/another4/, /someValue/base1/another1/]
SET children[/someValue/base1/another1/file0, /someValue/base1/another1/file3, /someValue/base1/another1/file2]
SET children[/someValue/]
SET children[/someValue/base2/, /someValue/base1/, /someValue/base3/, /someValue/base0/, /someValue/base4/]
SET children[/someValue/base1/another2/, /someValue/base1/another3/, /someValue/base1/another0/, /someValue/base1/another4/, /someValue/base1/another1/]
SET children[/someValue/base1/another4/file4, /someValue/base1/another4/file2, /someValue/base1/another4/file3, /someValue/base1/another4/file0]
SET children[/someValue/]
SET children[/someValue/base2/, /someValue/base1/, /someValue/base3/, /someValue/base0/, /someValue/base4/]
SET children[/someValue/base0/another2/, /someValue/base0/another3/, /someValue/base0/another1/, /someValue/base0/another4/, /someValue/base0/another0/]
SET children[/someValue/base0/another4/file1, /someValue/base0/another4/file4]
SET children[/someValue/]
SET children[/someValue/base2/, /someValue/base1/, /someValue/base3/, /someValue/base0/, /someValue/base4/]
SET children[/someValue/base4/another3/, /someValue/base4/another1/, /someValue/base4/another4/, /someValue/base4/another0/, /someValue/base4/another2/]
SET children[/someValue/base4/another1/file0, /someValue/base4/another1/file1, /someValue/base4/another1/file2, /someValue/base4/another1/file4]
SET children[/someValue/]
SET children[/someValue/base2/, /someValue/base1/, /someValue/base3/, /someValue/base0/, /someValue/base4/]
SET children[/someValue/base0/another2/, /someValue/base0/another3/, /someValue/base0/another1/, /someValue/base0/another4/, /someValue/base0/another0/]
SET children[/someValue/base0/another0/file4, /someValue/base0/another0/file3, /someValue/base0/another0/file1]
SET children[/someValue/]
SET children[/someValue/base2/, /someValue/base1/, /someValue/base3/, /someValue/base0/, /someValue/base4/]
SET children[/someValue/base3/another3/, /someValue/base3/another0/, /someValue/base3/another2/, /someValue/base3/another4/, /someValue/base3/another1/]
SET children[/someValue/base3/another2/file1, /someValue/base3/another2/file0, /someValue/base3/another2/file2, /someValue/base3/another2/file4]
SET children[/someValue/]
SET children[/someValue/base2/, /someValue/base1/, /someValue/base3/, /someValue/base0/, /someValue/base4/]
SET children[/someValue/base3/another3/, /someValue/base3/another0/, /someValue/base3/another2/, /someValue/base3/another4/, /someValue/base3/another1/]
SET children[/someValue/base3/another1/file2, /someValue/base3/another1/file4, /someValue/base3/another1/file0]
SET children[/someValue/]
SET children[/someValue/base2/, /someValue/base1/, /someValue/base3/, /someValue/base0/, /someValue/base4/]
SET children[/someValue/base1/another2/, /someValue/base1/another3/, /someValue/base1/another0/, /someValue/base1/another4/, /someValue/base1/another1/]
SET children[/someValue/base1/another1/file0, /someValue/base1/another1/file3, /someValue/base1/another1/file2, /someValue/base1/another1/file4]
SET children[/someValue/]
SET children[/someValue/base2/, /someValue/base1/, /someValue/base3/, /someValue/base0/, /someValue/base4/]
SET children[/someValue/base0/another2/, /someValue/base0/another3/, /someValue/base0/another1/, /someValue/base0/another4/, /someValue/base0/another0/]
SET children[/someValue/base0/another4/file1, /someValue/base0/another4/file4, /someValue/base0/another4/file3]
SET children[/someValue/]
SET children[/someValue/base2/, /someValue/base1/, /someValue/base3/, /someValue/base0/, /someValue/base4/]
SET children[/someValue/base4/another3/, /someValue/base4/another1/, /someValue/base4/another4/, /someValue/base4/another0/, /someValue/base4/another2/]
SET children[/someValue/base4/another0/file2, /someValue/base4/another0/file4, /someValue/base4/another0/file0, /someValue/base4/another0/file1]
SET children[/someValue/]
SET children[/someValue/base2/, /someValue/base1/, /someValue/base3/, /someValue/base0/, /someValue/base4/]
SET children[/someValue/base3/another3/, /someValue/base3/another0/, /someValue/base3/another2/, /someValue/base3/another4/, /someValue/base3/another1/]
SET children[/someValue/base3/another1/file2, /someValue/base3/another1/file4, /someValue/base3/another1/file0, /someValue/base3/another1/file1]
SET children[/someValue/]
SET children[/someValue/base2/, /someValue/base1/, /someValue/base3/, /someValue/base0/, /someValue/base4/]
SET children[/someValue/base1/another2/, /someValue/base1/another3/, /someValue/base1/another0/, /someValue/base1/another4/, /someValue/base1/another1/]
SET children[/someValue/base1/another2/file3, /someValue/base1/another2/file4, /someValue/base1/another2/file0, /someValue/base1/another2/file2]
SET children[/someValue/]
SET children[/someValue/base2/, /someValue/base1/, /someValue/base3/, /someValue/base0/, /someValue/base4/]
SET children[/someValue/base4/another3/, /someValue/base4/another1/, /someValue/base4/another4/, /someValue/base4/another0/, /someValue/base4/another2/]
SET children[/someValue/base4/another4/file4, /someValue/base4/another4/file1, /someValue/base4/another4/file3, /someValue/base4/another4/file2]
SET children[/someValue/]
SET children[/someValue/base2/, /someValue/base1/, /someValue/base3/, /someValue/base0/, /someValue/base4/]
SET children[/someValue/base0/another2/, /someValue/base0/another3/, /someValue/base0/another1/, /someValue/base0/another4/, /someValue/base0/another0/]
SET children[/someValue/base0/another4/file1, /someValue/base0/another4/file4, /someValue/base0/another4/file3, /someValue/base0/another4/file2]
SET children[/someValue/]
SET children[/someValue/base2/, /someValue/base1/, /someValue/base3/, /someValue/base0/, /someValue/base4/]
SET children[/someValue/base0/another2/, /someValue/base0/another3/, /someValue/base0/another1/, /someValue/base0/another4/, /someValue/base0/another0/]
SET children[/someValue/base0/another0/file4, /someValue/base0/another0/file3, /someValue/base0/another0/file1, /someValue/base0/another0/file2]
SET children[/someValue/]
SET children[/someValue/base2/, /someValue/base1/, /someValue/base3/, /someValue/base0/, /someValue/base4/]
SET children[/someValue/base4/another3/, /someValue/base4/another1/, /someValue/base4/another4/, /someValue/base4/another0/, /someValue/base4/another2/]
SET children[/someValue/base4/another2/file0, /someValue/base4/another2/file3, /someValue/base4/another2/file2, /someValue/base4/another2/file4]
]]></system-out>
  </testcase>
  <testcase name="testSetAddsToAndCreatesDirectory" classname="edu.gmu.cs475.Part1FunctionalTests" time="3.996">
    <failure message="Expected to find directories created for each folder, but didn&apos;t find entries in listKeys() for: [/base1/another2/, /base1/another4/, /base2/another1/, /base2/another3/, /base1/another0/, /base3/another4/, /base3/another0/, /base3/another2/, /base3/, /base1/, /base4/another3/, /base4/another1/, /base0/another2/, /base0/another0/, /base1/another1/, /base0/another4/, /base1/another3/, /base2/another0/, /base2/another2/, /base2/another4/, /base3/another3/, /base3/another1/, /base2/, /base0/, /base4/another4/, /base4/another2/, /base4/, /base4/another0/, /base0/another3/, /base0/another1/] found instead:[/base2/another0/file3, /base3/another2/file0, /base3/another2/file1, /base2/another0/file4, /base3/another2/file2, /base2/another0/file1, /base2/another0/file2, /base3/another2/file3, /base3/another2/file4, /someValue/base2/another0/, /someValue/base3/another1/, /base4/another1/file2, /base4/another1/file3, /someValue/base4/another2/, /base4/another1/file4, /base2/another3/file3, /base2/another3/file2, /base4/another1/file0, /base1/another1/file3, /base4/another1/file1, /base1/another1/file4, /base2/another3/file4, /base1/another1/file1, /base1/another1/file2, /base2/another3/file1, /base1/another1/file0, /base2/another3/file0, /base4/another4/file4, /someValue/base2/, /base4/another4/file3, /base4/another4/file2, /base4/another4/file1, /base2/another0/file0, /base4/another4/file0, /someValue/base1/, /base0/another2/file0, /someValue/base4/another1/, /someValue/base3/another2/, /base0/another2/file4, /base0/another2/file3, /base0/another2/file2, /, /base0/another2/file1, /someValue/base1/another0/, /base0/another1/file2, /base1/another3/file0, /base0/another1/file3, /base0/another1/file4, /base1/another3/file4, /someValue/base0/, /someValue/base2/another2/, /base1/another3/file3, /someValue/base0/another4/, /base1/another3/file2, /base0/another1/file0, /base1/another3/file1, /base0/another1/file1, /someValue/base3/another3/, /someValue/base4/another0/, /base3/another4/file3, /base3/another4/file2, /base2/another2/file3, /base2/another2/file4, /base3/another4/file4, /base2/another2/file1, /base4/another2/file0, /base2/another2/file2, /base3/another4/file1, /base3/another4/file0, /base2/another2/file0, /base4/another2/file3, /base4/another2/file4, /base4/another2/file1, /base4/another2/file2, /base1/another4/file4, /someValue/base0/another3/, /someValue/base2/another1/, /base2/another1/file0, /someValue/base3/another4/, /base2/another1/file1, /base2/another1/file2, /base2/another1/file3, /base2/another1/file4, /base1/another4/file1, /base1/another4/file0, /base1/another4/file3, /base1/another4/file2, /base0/another0/file3, /base0/another0/file4, /base0/another0/file1, /base0/another0/file2, /base0/another0/file0, /someValue/base1/another3/, /someValue/base0/another2/, /someValue/base2/another4/, /someValue/base1/another4/, /base3/another3/file3, /base3/another3/file4, /base3/another3/file1, /someValue/base2/another3/, /base3/another3/file2, /base4/another0/file3, /base4/another0/file4, /base3/another3/file0, /base4/another0/file1, /base4/another3/file0, /base1/another2/file3, /base1/another2/file2, /base4/another0/file2, /base4/another3/file1, /base4/another3/file2, /someValue/base0/another1/, /base4/another0/file0, /base1/another2/file4, /base4/another3/file3, /base4/another3/file4, /base1/another2/file1, /base1/another2/file0, /someValue/, /base3/another0/file0, /base3/another0/file1, /someValue/base4/another4/, /base0/another4/file2, /base0/another4/file1, /base0/another4/file0, /base3/another0/file2, /base3/another0/file3, /base3/another0/file4, /someValue/base4/, /someValue/base0/another0/, /someValue/base1/another1/, /base0/another4/file4, /base0/another4/file3, /base3/another1/file0, /someValue/base3/another0/, /someValue/base4/another3/, /base1/another0/file0, /base1/another0/file1, /base1/another0/file2, /base1/another0/file3, /base0/another3/file1, /base1/another0/file4, /base0/another3/file0, /base0/another3/file3, /base0/another3/file2, /base2/another4/file0, /base3/another1/file3, /base3/another1/file4, /base0/another3/file4, /someValue/base3/, /base3/another1/file1, /base3/another1/file2, /base2/another4/file4, /base2/another4/file3, /base2/another4/file2, /someValue/base1/another2/, /base2/another4/file1]" type="java.lang.AssertionError">java.lang.AssertionError: Expected to find directories created for each folder, but didn't find entries in listKeys() for: [/base1/another2/, /base1/another4/, /base2/another1/, /base2/another3/, /base1/another0/, /base3/another4/, /base3/another0/, /base3/another2/, /base3/, /base1/, /base4/another3/, /base4/another1/, /base0/another2/, /base0/another0/, /base1/another1/, /base0/another4/, /base1/another3/, /base2/another0/, /base2/another2/, /base2/another4/, /base3/another3/, /base3/another1/, /base2/, /base0/, /base4/another4/, /base4/another2/, /base4/, /base4/another0/, /base0/another3/, /base0/another1/] found instead:[/base2/another0/file3, /base3/another2/file0, /base3/another2/file1, /base2/another0/file4, /base3/another2/file2, /base2/another0/file1, /base2/another0/file2, /base3/another2/file3, /base3/another2/file4, /someValue/base2/another0/, /someValue/base3/another1/, /base4/another1/file2, /base4/another1/file3, /someValue/base4/another2/, /base4/another1/file4, /base2/another3/file3, /base2/another3/file2, /base4/another1/file0, /base1/another1/file3, /base4/another1/file1, /base1/another1/file4, /base2/another3/file4, /base1/another1/file1, /base1/another1/file2, /base2/another3/file1, /base1/another1/file0, /base2/another3/file0, /base4/another4/file4, /someValue/base2/, /base4/another4/file3, /base4/another4/file2, /base4/another4/file1, /base2/another0/file0, /base4/another4/file0, /someValue/base1/, /base0/another2/file0, /someValue/base4/another1/, /someValue/base3/another2/, /base0/another2/file4, /base0/another2/file3, /base0/another2/file2, /, /base0/another2/file1, /someValue/base1/another0/, /base0/another1/file2, /base1/another3/file0, /base0/another1/file3, /base0/another1/file4, /base1/another3/file4, /someValue/base0/, /someValue/base2/another2/, /base1/another3/file3, /someValue/base0/another4/, /base1/another3/file2, /base0/another1/file0, /base1/another3/file1, /base0/another1/file1, /someValue/base3/another3/, /someValue/base4/another0/, /base3/another4/file3, /base3/another4/file2, /base2/another2/file3, /base2/another2/file4, /base3/another4/file4, /base2/another2/file1, /base4/another2/file0, /base2/another2/file2, /base3/another4/file1, /base3/another4/file0, /base2/another2/file0, /base4/another2/file3, /base4/another2/file4, /base4/another2/file1, /base4/another2/file2, /base1/another4/file4, /someValue/base0/another3/, /someValue/base2/another1/, /base2/another1/file0, /someValue/base3/another4/, /base2/another1/file1, /base2/another1/file2, /base2/another1/file3, /base2/another1/file4, /base1/another4/file1, /base1/another4/file0, /base1/another4/file3, /base1/another4/file2, /base0/another0/file3, /base0/another0/file4, /base0/another0/file1, /base0/another0/file2, /base0/another0/file0, /someValue/base1/another3/, /someValue/base0/another2/, /someValue/base2/another4/, /someValue/base1/another4/, /base3/another3/file3, /base3/another3/file4, /base3/another3/file1, /someValue/base2/another3/, /base3/another3/file2, /base4/another0/file3, /base4/another0/file4, /base3/another3/file0, /base4/another0/file1, /base4/another3/file0, /base1/another2/file3, /base1/another2/file2, /base4/another0/file2, /base4/another3/file1, /base4/another3/file2, /someValue/base0/another1/, /base4/another0/file0, /base1/another2/file4, /base4/another3/file3, /base4/another3/file4, /base1/another2/file1, /base1/another2/file0, /someValue/, /base3/another0/file0, /base3/another0/file1, /someValue/base4/another4/, /base0/another4/file2, /base0/another4/file1, /base0/another4/file0, /base3/another0/file2, /base3/another0/file3, /base3/another0/file4, /someValue/base4/, /someValue/base0/another0/, /someValue/base1/another1/, /base0/another4/file4, /base0/another4/file3, /base3/another1/file0, /someValue/base3/another0/, /someValue/base4/another3/, /base1/another0/file0, /base1/another0/file1, /base1/another0/file2, /base1/another0/file3, /base0/another3/file1, /base1/another0/file4, /base0/another3/file0, /base0/another3/file3, /base0/another3/file2, /base2/another4/file0, /base3/another1/file3, /base3/another1/file4, /base0/another3/file4, /someValue/base3/, /base3/another1/file1, /base3/another1/file2, /base2/another4/file4, /base2/another4/file3, /base2/another4/file2, /someValue/base1/another2/, /base2/another4/file1]
	at edu.gmu.cs475.Part1FunctionalTests.testSetAddsToAndCreatesDirectory(Part1FunctionalTests.java:111)
</failure>
    <system-out><![CDATA[SET children[]
SET children[]
SET children[]
SET children[]
SET children[/someValue/]
SET children[/someValue/base3/]
SET children[/someValue/base3/another0/]
SET children[]
SET children[/someValue/]
SET children[/someValue/base3/]
SET children[]
SET children[]
SET children[/someValue/]
SET children[/someValue/base3/, /someValue/base0/]
SET children[/someValue/base3/another0/, /someValue/base3/another4/]
SET children[]
SET children[/someValue/]
SET children[/someValue/base3/, /someValue/base0/]
SET children[/someValue/base3/another0/, /someValue/base3/another4/, /someValue/base3/another1/]
SET children[]
SET children[/someValue/]
SET children[/someValue/base3/, /someValue/base0/]
SET children[/someValue/base0/another3/]
SET children[/someValue/base0/another3/file2]
SET children[/someValue/]
SET children[/someValue/base3/, /someValue/base0/]
SET children[]
SET children[]
SET children[/someValue/]
SET children[/someValue/base3/, /someValue/base0/, /someValue/base1/]
SET children[]
SET children[]
SET children[/someValue/]
SET children[/someValue/base3/, /someValue/base0/, /someValue/base1/, /someValue/base4/]
SET children[/someValue/base4/another1/]
SET children[]
SET children[/someValue/]
SET children[/someValue/base3/, /someValue/base0/, /someValue/base1/, /someValue/base4/]
SET children[/someValue/base0/another3/]
SET children[/someValue/base0/another3/file2, /someValue/base0/another3/file4]
SET children[/someValue/]
SET children[/someValue/base3/, /someValue/base0/, /someValue/base1/, /someValue/base4/]
SET children[/someValue/base0/another3/]
SET children[]
SET children[/someValue/]
SET children[/someValue/base3/, /someValue/base0/, /someValue/base1/, /someValue/base4/]
SET children[]
SET children[]
SET children[/someValue/]
SET children[/someValue/base3/, /someValue/base0/, /someValue/base1/, /someValue/base4/, /someValue/base2/]
SET children[/someValue/base2/another2/]
SET children[/someValue/base2/another2/file4]
SET children[/someValue/]
SET children[/someValue/base3/, /someValue/base0/, /someValue/base1/, /someValue/base4/, /someValue/base2/]
SET children[/someValue/base4/another1/, /someValue/base4/another3/]
SET children[/someValue/base4/another1/file0]
SET children[/someValue/]
SET children[/someValue/base3/, /someValue/base0/, /someValue/base1/, /someValue/base4/, /someValue/base2/]
SET children[/someValue/base1/another0/]
SET children[/someValue/base1/another0/file1]
SET children[/someValue/]
SET children[/someValue/base3/, /someValue/base0/, /someValue/base1/, /someValue/base4/, /someValue/base2/]
SET children[/someValue/base0/another3/, /someValue/base0/another2/]
SET children[]
SET children[/someValue/]
SET children[/someValue/base3/, /someValue/base0/, /someValue/base1/, /someValue/base4/, /someValue/base2/]
SET children[/someValue/base3/another0/, /someValue/base3/another4/, /someValue/base3/another1/, /someValue/base3/another2/]
SET children[/someValue/base3/another0/file4]
SET children[/someValue/]
SET children[/someValue/base3/, /someValue/base0/, /someValue/base1/, /someValue/base4/, /someValue/base2/]
SET children[/someValue/base0/another3/, /someValue/base0/another2/, /someValue/base0/another4/]
SET children[/someValue/base0/another4/file0]
SET children[/someValue/]
SET children[/someValue/base3/, /someValue/base0/, /someValue/base1/, /someValue/base4/, /someValue/base2/]
SET children[/someValue/base2/another2/]
SET children[]
SET children[/someValue/]
SET children[/someValue/base3/, /someValue/base0/, /someValue/base1/, /someValue/base4/, /someValue/base2/]
SET children[/someValue/base3/another0/, /someValue/base3/another4/, /someValue/base3/another1/, /someValue/base3/another2/]
SET children[/someValue/base3/another2/file2]
SET children[/someValue/]
SET children[/someValue/base3/, /someValue/base0/, /someValue/base1/, /someValue/base4/, /someValue/base2/]
SET children[/someValue/base3/another0/, /someValue/base3/another4/, /someValue/base3/another1/, /someValue/base3/another2/]
SET children[]
SET children[/someValue/]
SET children[/someValue/base3/, /someValue/base0/, /someValue/base1/, /someValue/base4/, /someValue/base2/]
SET children[/someValue/base1/another0/]
SET children[]
SET children[/someValue/]
SET children[/someValue/base3/, /someValue/base0/, /someValue/base1/, /someValue/base4/, /someValue/base2/]
SET children[/someValue/base4/another1/, /someValue/base4/another3/]
SET children[/someValue/base4/another3/file4]
SET children[/someValue/]
SET children[/someValue/base3/, /someValue/base0/, /someValue/base1/, /someValue/base4/, /someValue/base2/]
SET children[/someValue/base4/another1/, /someValue/base4/another3/]
SET children[]
SET children[/someValue/]
SET children[/someValue/base3/, /someValue/base0/, /someValue/base1/, /someValue/base4/, /someValue/base2/]
SET children[/someValue/base2/another2/, /someValue/base2/another0/]
SET children[]
SET children[/someValue/]
SET children[/someValue/base3/, /someValue/base0/, /someValue/base1/, /someValue/base4/, /someValue/base2/]
SET children[/someValue/base0/another3/, /someValue/base0/another2/, /someValue/base0/another4/]
SET children[]
SET children[/someValue/]
SET children[/someValue/base3/, /someValue/base0/, /someValue/base1/, /someValue/base4/, /someValue/base2/]
SET children[/someValue/base4/another1/, /someValue/base4/another3/, /someValue/base4/another0/]
SET children[]
SET children[/someValue/]
SET children[/someValue/base3/, /someValue/base0/, /someValue/base1/, /someValue/base4/, /someValue/base2/]
SET children[/someValue/base2/another2/, /someValue/base2/another0/, /someValue/base2/another1/]
SET children[]
SET children[/someValue/]
SET children[/someValue/base3/, /someValue/base0/, /someValue/base1/, /someValue/base4/, /someValue/base2/]
SET children[/someValue/base4/another1/, /someValue/base4/another3/, /someValue/base4/another0/, /someValue/base4/another4/]
SET children[/someValue/base4/another1/file0, /someValue/base4/another1/file1]
SET children[/someValue/]
SET children[/someValue/base3/, /someValue/base0/, /someValue/base1/, /someValue/base4/, /someValue/base2/]
SET children[/someValue/base4/another1/, /someValue/base4/another3/, /someValue/base4/another0/, /someValue/base4/another4/]
SET children[/someValue/base4/another1/file0, /someValue/base4/another1/file1, /someValue/base4/another1/file3]
SET children[/someValue/]
SET children[/someValue/base3/, /someValue/base0/, /someValue/base1/, /someValue/base4/, /someValue/base2/]
SET children[/someValue/base0/another3/, /someValue/base0/another2/, /someValue/base0/another4/, /someValue/base0/another0/]
SET children[/someValue/base0/another4/file0, /someValue/base0/another4/file2]
SET children[/someValue/]
SET children[/someValue/base3/, /someValue/base0/, /someValue/base1/, /someValue/base4/, /someValue/base2/]
SET children[/someValue/base0/another3/, /someValue/base0/another2/, /someValue/base0/another4/, /someValue/base0/another0/]
SET children[]
SET children[/someValue/]
SET children[/someValue/base3/, /someValue/base0/, /someValue/base1/, /someValue/base4/, /someValue/base2/]
SET children[/someValue/base2/another2/, /someValue/base2/another0/, /someValue/base2/another1/, /someValue/base2/another4/]
SET children[]
SET children[/someValue/]
SET children[/someValue/base3/, /someValue/base0/, /someValue/base1/, /someValue/base4/, /someValue/base2/]
SET children[/someValue/base4/another1/, /someValue/base4/another3/, /someValue/base4/another0/, /someValue/base4/another4/]
SET children[/someValue/base4/another4/file0]
SET children[/someValue/]
SET children[/someValue/base3/, /someValue/base0/, /someValue/base1/, /someValue/base4/, /someValue/base2/]
SET children[/someValue/base0/another3/, /someValue/base0/another2/, /someValue/base0/another4/, /someValue/base0/another0/, /someValue/base0/another1/]
SET children[/someValue/base0/another1/file4]
SET children[/someValue/]
SET children[/someValue/base3/, /someValue/base0/, /someValue/base1/, /someValue/base4/, /someValue/base2/]
SET children[/someValue/base0/another3/, /someValue/base0/another2/, /someValue/base0/another4/, /someValue/base0/another0/, /someValue/base0/another1/]
SET children[/someValue/base0/another2/file2]
SET children[/someValue/]
SET children[/someValue/base3/, /someValue/base0/, /someValue/base1/, /someValue/base4/, /someValue/base2/]
SET children[/someValue/base0/another3/, /someValue/base0/another2/, /someValue/base0/another4/, /someValue/base0/another0/, /someValue/base0/another1/]
SET children[/someValue/base0/another2/file2, /someValue/base0/another2/file3]
SET children[/someValue/]
SET children[/someValue/base3/, /someValue/base0/, /someValue/base1/, /someValue/base4/, /someValue/base2/]
SET children[/someValue/base2/another2/, /someValue/base2/another0/, /someValue/base2/another1/, /someValue/base2/another4/, /someValue/base2/another3/]
SET children[/someValue/base2/another0/file1]
SET children[/someValue/]
SET children[/someValue/base3/, /someValue/base0/, /someValue/base1/, /someValue/base4/, /someValue/base2/]
SET children[/someValue/base0/another3/, /someValue/base0/another2/, /someValue/base0/another4/, /someValue/base0/another0/, /someValue/base0/another1/]
SET children[/someValue/base0/another3/file2, /someValue/base0/another3/file4, /someValue/base0/another3/file1]
SET children[/someValue/]
SET children[/someValue/base3/, /someValue/base0/, /someValue/base1/, /someValue/base4/, /someValue/base2/]
SET children[/someValue/base0/another3/, /someValue/base0/another2/, /someValue/base0/another4/, /someValue/base0/another0/, /someValue/base0/another1/]
SET children[/someValue/base0/another2/file2, /someValue/base0/another2/file3, /someValue/base0/another2/file4]
SET children[/someValue/]
SET children[/someValue/base3/, /someValue/base0/, /someValue/base1/, /someValue/base4/, /someValue/base2/]
SET children[/someValue/base1/another0/, /someValue/base1/another2/]
SET children[/someValue/base1/another2/file1]
SET children[/someValue/]
SET children[/someValue/base3/, /someValue/base0/, /someValue/base1/, /someValue/base4/, /someValue/base2/]
SET children[/someValue/base3/another0/, /someValue/base3/another4/, /someValue/base3/another1/, /someValue/base3/another2/, /someValue/base3/another3/]
SET children[/someValue/base3/another1/file4]
SET children[/someValue/]
SET children[/someValue/base3/, /someValue/base0/, /someValue/base1/, /someValue/base4/, /someValue/base2/]
SET children[/someValue/base2/another2/, /someValue/base2/another0/, /someValue/base2/another1/, /someValue/base2/another4/, /someValue/base2/another3/]
SET children[/someValue/base2/another4/file3]
SET children[/someValue/]
SET children[/someValue/base3/, /someValue/base0/, /someValue/base1/, /someValue/base4/, /someValue/base2/]
SET children[/someValue/base1/another0/, /someValue/base1/another2/]
SET children[]
SET children[/someValue/]
SET children[/someValue/base3/, /someValue/base0/, /someValue/base1/, /someValue/base4/, /someValue/base2/]
SET children[/someValue/base4/another1/, /someValue/base4/another3/, /someValue/base4/another0/, /someValue/base4/another4/]
SET children[/someValue/base4/another0/file3]
SET children[/someValue/]
SET children[/someValue/base3/, /someValue/base0/, /someValue/base1/, /someValue/base4/, /someValue/base2/]
SET children[/someValue/base4/another1/, /someValue/base4/another3/, /someValue/base4/another0/, /someValue/base4/another4/]
SET children[/someValue/base4/another3/file4, /someValue/base4/another3/file2]
SET children[/someValue/]
SET children[/someValue/base3/, /someValue/base0/, /someValue/base1/, /someValue/base4/, /someValue/base2/]
SET children[/someValue/base2/another2/, /someValue/base2/another0/, /someValue/base2/another1/, /someValue/base2/another4/, /someValue/base2/another3/]
SET children[/someValue/base2/another1/file0]
SET children[/someValue/]
SET children[/someValue/base3/, /someValue/base0/, /someValue/base1/, /someValue/base4/, /someValue/base2/]
SET children[/someValue/base3/another0/, /someValue/base3/another4/, /someValue/base3/another1/, /someValue/base3/another2/, /someValue/base3/another3/]
SET children[/someValue/base3/another0/file4, /someValue/base3/another0/file3]
SET children[/someValue/]
SET children[/someValue/base3/, /someValue/base0/, /someValue/base1/, /someValue/base4/, /someValue/base2/]
SET children[/someValue/base3/another0/, /someValue/base3/another4/, /someValue/base3/another1/, /someValue/base3/another2/, /someValue/base3/another3/]
SET children[/someValue/base3/another3/file1]
SET children[/someValue/]
SET children[/someValue/base3/, /someValue/base0/, /someValue/base1/, /someValue/base4/, /someValue/base2/]
SET children[/someValue/base0/another3/, /someValue/base0/another2/, /someValue/base0/another4/, /someValue/base0/another0/, /someValue/base0/another1/]
SET children[/someValue/base0/another1/file4, /someValue/base0/another1/file3]
SET children[/someValue/]
SET children[/someValue/base3/, /someValue/base0/, /someValue/base1/, /someValue/base4/, /someValue/base2/]
SET children[/someValue/base3/another0/, /someValue/base3/another4/, /someValue/base3/another1/, /someValue/base3/another2/, /someValue/base3/another3/]
SET children[/someValue/base3/another2/file2, /someValue/base3/another2/file1]
SET children[/someValue/]
SET children[/someValue/base3/, /someValue/base0/, /someValue/base1/, /someValue/base4/, /someValue/base2/]
SET children[/someValue/base3/another0/, /someValue/base3/another4/, /someValue/base3/another1/, /someValue/base3/another2/, /someValue/base3/another3/]
SET children[/someValue/base3/another4/file2]
SET children[/someValue/]
SET children[/someValue/base3/, /someValue/base0/, /someValue/base1/, /someValue/base4/, /someValue/base2/]
SET children[/someValue/base3/another0/, /someValue/base3/another4/, /someValue/base3/another1/, /someValue/base3/another2/, /someValue/base3/another3/]
SET children[/someValue/base3/another2/file2, /someValue/base3/another2/file1, /someValue/base3/another2/file3]
SET children[/someValue/]
SET children[/someValue/base3/, /someValue/base0/, /someValue/base1/, /someValue/base4/, /someValue/base2/]
SET children[/someValue/base0/another3/, /someValue/base0/another2/, /someValue/base0/another4/, /someValue/base0/another0/, /someValue/base0/another1/]
SET children[/someValue/base0/another2/file2, /someValue/base0/another2/file3, /someValue/base0/another2/file4, /someValue/base0/another2/file1]
SET children[/someValue/]
SET children[/someValue/base3/, /someValue/base0/, /someValue/base1/, /someValue/base4/, /someValue/base2/]
SET children[/someValue/base3/another0/, /someValue/base3/another4/, /someValue/base3/another1/, /someValue/base3/another2/, /someValue/base3/another3/]
SET children[/someValue/base3/another1/file4, /someValue/base3/another1/file2]
SET children[/someValue/]
SET children[/someValue/base3/, /someValue/base0/, /someValue/base1/, /someValue/base4/, /someValue/base2/]
SET children[/someValue/base2/another2/, /someValue/base2/another0/, /someValue/base2/another1/, /someValue/base2/another4/, /someValue/base2/another3/]
SET children[/someValue/base2/another0/file1, /someValue/base2/another0/file2]
SET children[/someValue/]
SET children[/someValue/base3/, /someValue/base0/, /someValue/base1/, /someValue/base4/, /someValue/base2/]
SET children[/someValue/base2/another2/, /someValue/base2/another0/, /someValue/base2/another1/, /someValue/base2/another4/, /someValue/base2/another3/]
SET children[/someValue/base2/another1/file0, /someValue/base2/another1/file2]
SET children[/someValue/]
SET children[/someValue/base3/, /someValue/base0/, /someValue/base1/, /someValue/base4/, /someValue/base2/]
SET children[/someValue/base4/another1/, /someValue/base4/another3/, /someValue/base4/another0/, /someValue/base4/another4/]
SET children[]
SET children[/someValue/]
SET children[/someValue/base3/, /someValue/base0/, /someValue/base1/, /someValue/base4/, /someValue/base2/]
SET children[/someValue/base2/another2/, /someValue/base2/another0/, /someValue/base2/another1/, /someValue/base2/another4/, /someValue/base2/another3/]
SET children[/someValue/base2/another0/file1, /someValue/base2/another0/file2, /someValue/base2/another0/file4]
SET children[/someValue/]
SET children[/someValue/base3/, /someValue/base0/, /someValue/base1/, /someValue/base4/, /someValue/base2/]
SET children[/someValue/base1/another0/, /someValue/base1/another2/, /someValue/base1/another3/]
SET children[]
SET children[/someValue/]
SET children[/someValue/base3/, /someValue/base0/, /someValue/base1/, /someValue/base4/, /someValue/base2/]
SET children[/someValue/base1/another0/, /someValue/base1/another2/, /someValue/base1/another3/, /someValue/base1/another4/]
SET children[]
SET children[/someValue/]
SET children[/someValue/base3/, /someValue/base0/, /someValue/base1/, /someValue/base4/, /someValue/base2/]
SET children[/someValue/base4/another1/, /someValue/base4/another3/, /someValue/base4/another0/, /someValue/base4/another4/, /someValue/base4/another2/]
SET children[/someValue/base4/another0/file3, /someValue/base4/another0/file1]
SET children[/someValue/]
SET children[/someValue/base3/, /someValue/base0/, /someValue/base1/, /someValue/base4/, /someValue/base2/]
SET children[/someValue/base0/another3/, /someValue/base0/another2/, /someValue/base0/another4/, /someValue/base0/another0/, /someValue/base0/another1/]
SET children[/someValue/base0/another0/file0]
SET children[/someValue/]
SET children[/someValue/base3/, /someValue/base0/, /someValue/base1/, /someValue/base4/, /someValue/base2/]
SET children[/someValue/base4/another1/, /someValue/base4/another3/, /someValue/base4/another0/, /someValue/base4/another4/, /someValue/base4/another2/]
SET children[/someValue/base4/another0/file3, /someValue/base4/another0/file1, /someValue/base4/another0/file4]
SET children[/someValue/]
SET children[/someValue/base3/, /someValue/base0/, /someValue/base1/, /someValue/base4/, /someValue/base2/]
SET children[/someValue/base3/another0/, /someValue/base3/another4/, /someValue/base3/another1/, /someValue/base3/another2/, /someValue/base3/another3/]
SET children[/someValue/base3/another4/file2, /someValue/base3/another4/file4]
SET children[/someValue/]
SET children[/someValue/base3/, /someValue/base0/, /someValue/base1/, /someValue/base4/, /someValue/base2/]
SET children[/someValue/base4/another1/, /someValue/base4/another3/, /someValue/base4/another0/, /someValue/base4/another4/, /someValue/base4/another2/]
SET children[/someValue/base4/another4/file0, /someValue/base4/another4/file1]
SET children[/someValue/]
SET children[/someValue/base3/, /someValue/base0/, /someValue/base1/, /someValue/base4/, /someValue/base2/]
SET children[/someValue/base4/another1/, /someValue/base4/another3/, /someValue/base4/another0/, /someValue/base4/another4/, /someValue/base4/another2/]
SET children[/someValue/base4/another2/file0]
SET children[/someValue/]
SET children[/someValue/base3/, /someValue/base0/, /someValue/base1/, /someValue/base4/, /someValue/base2/]
SET children[/someValue/base4/another1/, /someValue/base4/another3/, /someValue/base4/another0/, /someValue/base4/another4/, /someValue/base4/another2/]
SET children[/someValue/base4/another1/file0, /someValue/base4/another1/file1, /someValue/base4/another1/file3, /someValue/base4/another1/file2]
SET children[/someValue/]
SET children[/someValue/base3/, /someValue/base0/, /someValue/base1/, /someValue/base4/, /someValue/base2/]
SET children[/someValue/base3/another0/, /someValue/base3/another4/, /someValue/base3/another1/, /someValue/base3/another2/, /someValue/base3/another3/]
SET children[/someValue/base3/another4/file2, /someValue/base3/another4/file4, /someValue/base3/another4/file1]
SET children[/someValue/]
SET children[/someValue/base3/, /someValue/base0/, /someValue/base1/, /someValue/base4/, /someValue/base2/]
SET children[/someValue/base1/another0/, /someValue/base1/another2/, /someValue/base1/another3/, /someValue/base1/another4/, /someValue/base1/another1/]
SET children[/someValue/base1/another3/file1]
SET children[/someValue/]
SET children[/someValue/base3/, /someValue/base0/, /someValue/base1/, /someValue/base4/, /someValue/base2/]
SET children[/someValue/base1/another0/, /someValue/base1/another2/, /someValue/base1/another3/, /someValue/base1/another4/, /someValue/base1/another1/]
SET children[/someValue/base1/another2/file1, /someValue/base1/another2/file2]
SET children[/someValue/]
SET children[/someValue/base3/, /someValue/base0/, /someValue/base1/, /someValue/base4/, /someValue/base2/]
SET children[/someValue/base1/another0/, /someValue/base1/another2/, /someValue/base1/another3/, /someValue/base1/another4/, /someValue/base1/another1/]
SET children[/someValue/base1/another0/file1, /someValue/base1/another0/file2]
SET children[/someValue/]
SET children[/someValue/base3/, /someValue/base0/, /someValue/base1/, /someValue/base4/, /someValue/base2/]
SET children[/someValue/base1/another0/, /someValue/base1/another2/, /someValue/base1/another3/, /someValue/base1/another4/, /someValue/base1/another1/]
SET children[/someValue/base1/another3/file1, /someValue/base1/another3/file2]
SET children[/someValue/]
SET children[/someValue/base3/, /someValue/base0/, /someValue/base1/, /someValue/base4/, /someValue/base2/]
SET children[/someValue/base0/another3/, /someValue/base0/another2/, /someValue/base0/another4/, /someValue/base0/another0/, /someValue/base0/another1/]
SET children[/someValue/base0/another0/file0, /someValue/base0/another0/file3]
SET children[/someValue/]
SET children[/someValue/base3/, /someValue/base0/, /someValue/base1/, /someValue/base4/, /someValue/base2/]
SET children[/someValue/base1/another0/, /someValue/base1/another2/, /someValue/base1/another3/, /someValue/base1/another4/, /someValue/base1/another1/]
SET children[/someValue/base1/another0/file1, /someValue/base1/another0/file2, /someValue/base1/another0/file4]
SET children[/someValue/]
SET children[/someValue/base3/, /someValue/base0/, /someValue/base1/, /someValue/base4/, /someValue/base2/]
SET children[/someValue/base3/another0/, /someValue/base3/another4/, /someValue/base3/another1/, /someValue/base3/another2/, /someValue/base3/another3/]
SET children[/someValue/base3/another3/file1, /someValue/base3/another3/file2]
SET children[/someValue/]
SET children[/someValue/base3/, /someValue/base0/, /someValue/base1/, /someValue/base4/, /someValue/base2/]
SET children[/someValue/base4/another1/, /someValue/base4/another3/, /someValue/base4/another0/, /someValue/base4/another4/, /someValue/base4/another2/]
SET children[/someValue/base4/another4/file0, /someValue/base4/another4/file1, /someValue/base4/another4/file2]
SET children[/someValue/]
SET children[/someValue/base3/, /someValue/base0/, /someValue/base1/, /someValue/base4/, /someValue/base2/]
SET children[/someValue/base1/another0/, /someValue/base1/another2/, /someValue/base1/another3/, /someValue/base1/another4/, /someValue/base1/another1/]
SET children[/someValue/base1/another3/file1, /someValue/base1/another3/file2, /someValue/base1/another3/file4]
SET children[/someValue/]
SET children[/someValue/base3/, /someValue/base0/, /someValue/base1/, /someValue/base4/, /someValue/base2/]
SET children[/someValue/base1/another0/, /someValue/base1/another2/, /someValue/base1/another3/, /someValue/base1/another4/, /someValue/base1/another1/]
SET children[/someValue/base1/another0/file1, /someValue/base1/another0/file2, /someValue/base1/another0/file4, /someValue/base1/another0/file0]
SET children[/someValue/]
SET children[/someValue/base3/, /someValue/base0/, /someValue/base1/, /someValue/base4/, /someValue/base2/]
SET children[/someValue/base4/another1/, /someValue/base4/another3/, /someValue/base4/another0/, /someValue/base4/another4/, /someValue/base4/another2/]
SET children[/someValue/base4/another0/file3, /someValue/base4/another0/file1, /someValue/base4/another0/file4, /someValue/base4/another0/file0]
SET children[/someValue/]
SET children[/someValue/base3/, /someValue/base0/, /someValue/base1/, /someValue/base4/, /someValue/base2/]
SET children[/someValue/base0/another3/, /someValue/base0/another2/, /someValue/base0/another4/, /someValue/base0/another0/, /someValue/base0/another1/]
SET children[/someValue/base0/another1/file4, /someValue/base0/another1/file3, /someValue/base0/another1/file2]
SET children[/someValue/]
SET children[/someValue/base3/, /someValue/base0/, /someValue/base1/, /someValue/base4/, /someValue/base2/]
SET children[/someValue/base2/another2/, /someValue/base2/another0/, /someValue/base2/another1/, /someValue/base2/another4/, /someValue/base2/another3/]
SET children[/someValue/base2/another0/file1, /someValue/base2/another0/file2, /someValue/base2/another0/file4, /someValue/base2/another0/file0]
SET children[/someValue/]
SET children[/someValue/base3/, /someValue/base0/, /someValue/base1/, /someValue/base4/, /someValue/base2/]
SET children[/someValue/base2/another2/, /someValue/base2/another0/, /someValue/base2/another1/, /someValue/base2/another4/, /someValue/base2/another3/]
SET children[/someValue/base2/another4/file3, /someValue/base2/another4/file0]
SET children[/someValue/]
SET children[/someValue/base3/, /someValue/base0/, /someValue/base1/, /someValue/base4/, /someValue/base2/]
SET children[/someValue/base2/another2/, /someValue/base2/another0/, /someValue/base2/another1/, /someValue/base2/another4/, /someValue/base2/another3/]
SET children[/someValue/base2/another4/file3, /someValue/base2/another4/file0, /someValue/base2/another4/file4]
SET children[/someValue/]
SET children[/someValue/base3/, /someValue/base0/, /someValue/base1/, /someValue/base4/, /someValue/base2/]
SET children[/someValue/base1/another0/, /someValue/base1/another2/, /someValue/base1/another3/, /someValue/base1/another4/, /someValue/base1/another1/]
SET children[/someValue/base1/another1/file0]
SET children[/someValue/]
SET children[/someValue/base3/, /someValue/base0/, /someValue/base1/, /someValue/base4/, /someValue/base2/]
SET children[/someValue/base0/another3/, /someValue/base0/another2/, /someValue/base0/another4/, /someValue/base0/another0/, /someValue/base0/another1/]
SET children[/someValue/base0/another3/file2, /someValue/base0/another3/file4, /someValue/base0/another3/file1, /someValue/base0/another3/file3]
SET children[/someValue/]
SET children[/someValue/base3/, /someValue/base0/, /someValue/base1/, /someValue/base4/, /someValue/base2/]
SET children[/someValue/base4/another1/, /someValue/base4/another3/, /someValue/base4/another0/, /someValue/base4/another4/, /someValue/base4/another2/]
SET children[/someValue/base4/another2/file0, /someValue/base4/another2/file3]
SET children[/someValue/]
SET children[/someValue/base3/, /someValue/base0/, /someValue/base1/, /someValue/base4/, /someValue/base2/]
SET children[/someValue/base2/another2/, /someValue/base2/another0/, /someValue/base2/another1/, /someValue/base2/another4/, /someValue/base2/another3/]
SET children[/someValue/base2/another2/file4, /someValue/base2/another2/file1]
SET children[/someValue/]
SET children[/someValue/base3/, /someValue/base0/, /someValue/base1/, /someValue/base4/, /someValue/base2/]
SET children[/someValue/base3/another0/, /someValue/base3/another4/, /someValue/base3/another1/, /someValue/base3/another2/, /someValue/base3/another3/]
SET children[/someValue/base3/another1/file4, /someValue/base3/another1/file2, /someValue/base3/another1/file3]
SET children[/someValue/]
SET children[/someValue/base3/, /someValue/base0/, /someValue/base1/, /someValue/base4/, /someValue/base2/]
SET children[/someValue/base4/another1/, /someValue/base4/another3/, /someValue/base4/another0/, /someValue/base4/another4/, /someValue/base4/another2/]
SET children[/someValue/base4/another3/file4, /someValue/base4/another3/file2, /someValue/base4/another3/file0]
SET children[/someValue/]
SET children[/someValue/base3/, /someValue/base0/, /someValue/base1/, /someValue/base4/, /someValue/base2/]
SET children[/someValue/base3/another0/, /someValue/base3/another4/, /someValue/base3/another1/, /someValue/base3/another2/, /someValue/base3/another3/]
SET children[/someValue/base3/another0/file4, /someValue/base3/another0/file3, /someValue/base3/another0/file2]
SET children[/someValue/]
SET children[/someValue/base3/, /someValue/base0/, /someValue/base1/, /someValue/base4/, /someValue/base2/]
SET children[/someValue/base1/another0/, /someValue/base1/another2/, /someValue/base1/another3/, /someValue/base1/another4/, /someValue/base1/another1/]
SET children[/someValue/base1/another4/file0]
SET children[/someValue/]
SET children[/someValue/base3/, /someValue/base0/, /someValue/base1/, /someValue/base4/, /someValue/base2/]
SET children[/someValue/base2/another2/, /someValue/base2/another0/, /someValue/base2/another1/, /someValue/base2/another4/, /someValue/base2/another3/]
SET children[/someValue/base2/another3/file1]
SET children[/someValue/]
SET children[/someValue/base3/, /someValue/base0/, /someValue/base1/, /someValue/base4/, /someValue/base2/]
SET children[/someValue/base2/another2/, /someValue/base2/another0/, /someValue/base2/another1/, /someValue/base2/another4/, /someValue/base2/another3/]
SET children[/someValue/base2/another4/file3, /someValue/base2/another4/file0, /someValue/base2/another4/file4, /someValue/base2/another4/file1]
SET children[/someValue/]
SET children[/someValue/base3/, /someValue/base0/, /someValue/base1/, /someValue/base4/, /someValue/base2/]
SET children[/someValue/base0/another3/, /someValue/base0/another2/, /someValue/base0/another4/, /someValue/base0/another0/, /someValue/base0/another1/]
SET children[/someValue/base0/another4/file0, /someValue/base0/another4/file2, /someValue/base0/another4/file3]
SET children[/someValue/]
SET children[/someValue/base3/, /someValue/base0/, /someValue/base1/, /someValue/base4/, /someValue/base2/]
SET children[/someValue/base4/another1/, /someValue/base4/another3/, /someValue/base4/another0/, /someValue/base4/another4/, /someValue/base4/another2/]
SET children[/someValue/base4/another2/file0, /someValue/base4/another2/file3, /someValue/base4/another2/file4]
SET children[/someValue/]
SET children[/someValue/base3/, /someValue/base0/, /someValue/base1/, /someValue/base4/, /someValue/base2/]
SET children[/someValue/base3/another0/, /someValue/base3/another4/, /someValue/base3/another1/, /someValue/base3/another2/, /someValue/base3/another3/]
SET children[/someValue/base3/another3/file1, /someValue/base3/another3/file2, /someValue/base3/another3/file0]
SET children[/someValue/]
SET children[/someValue/base3/, /someValue/base0/, /someValue/base1/, /someValue/base4/, /someValue/base2/]
SET children[/someValue/base3/another0/, /someValue/base3/another4/, /someValue/base3/another1/, /someValue/base3/another2/, /someValue/base3/another3/]
SET children[/someValue/base3/another3/file1, /someValue/base3/another3/file2, /someValue/base3/another3/file0, /someValue/base3/another3/file4]
SET children[/someValue/]
SET children[/someValue/base3/, /someValue/base0/, /someValue/base1/, /someValue/base4/, /someValue/base2/]
SET children[/someValue/base2/another2/, /someValue/base2/another0/, /someValue/base2/another1/, /someValue/base2/another4/, /someValue/base2/another3/]
SET children[/someValue/base2/another1/file0, /someValue/base2/another1/file2, /someValue/base2/another1/file3]
SET children[/someValue/]
SET children[/someValue/base3/, /someValue/base0/, /someValue/base1/, /someValue/base4/, /someValue/base2/]
SET children[/someValue/base0/another3/, /someValue/base0/another2/, /someValue/base0/another4/, /someValue/base0/another0/, /someValue/base0/another1/]
SET children[/someValue/base0/another0/file0, /someValue/base0/another0/file3, /someValue/base0/another0/file1]
SET children[/someValue/]
SET children[/someValue/base3/, /someValue/base0/, /someValue/base1/, /someValue/base4/, /someValue/base2/]
SET children[/someValue/base1/another0/, /someValue/base1/another2/, /someValue/base1/another3/, /someValue/base1/another4/, /someValue/base1/another1/]
SET children[/someValue/base1/another4/file0, /someValue/base1/another4/file4]
SET children[/someValue/]
SET children[/someValue/base3/, /someValue/base0/, /someValue/base1/, /someValue/base4/, /someValue/base2/]
SET children[/someValue/base2/another2/, /someValue/base2/another0/, /someValue/base2/another1/, /someValue/base2/another4/, /someValue/base2/another3/]
SET children[/someValue/base2/another1/file0, /someValue/base2/another1/file2, /someValue/base2/another1/file3, /someValue/base2/another1/file4]
SET children[/someValue/]
SET children[/someValue/base3/, /someValue/base0/, /someValue/base1/, /someValue/base4/, /someValue/base2/]
SET children[/someValue/base1/another0/, /someValue/base1/another2/, /someValue/base1/another3/, /someValue/base1/another4/, /someValue/base1/another1/]
SET children[/someValue/base1/another2/file1, /someValue/base1/another2/file2, /someValue/base1/another2/file0]
SET children[/someValue/]
SET children[/someValue/base3/, /someValue/base0/, /someValue/base1/, /someValue/base4/, /someValue/base2/]
SET children[/someValue/base2/another2/, /someValue/base2/another0/, /someValue/base2/another1/, /someValue/base2/another4/, /someValue/base2/another3/]
SET children[/someValue/base2/another3/file1, /someValue/base2/another3/file2]
SET children[/someValue/]
SET children[/someValue/base3/, /someValue/base0/, /someValue/base1/, /someValue/base4/, /someValue/base2/]
SET children[/someValue/base1/another0/, /someValue/base1/another2/, /someValue/base1/another3/, /someValue/base1/another4/, /someValue/base1/another1/]
SET children[/someValue/base1/another4/file0, /someValue/base1/another4/file4, /someValue/base1/another4/file1]
SET children[/someValue/]
SET children[/someValue/base3/, /someValue/base0/, /someValue/base1/, /someValue/base4/, /someValue/base2/]
SET children[/someValue/base1/another0/, /someValue/base1/another2/, /someValue/base1/another3/, /someValue/base1/another4/, /someValue/base1/another1/]
SET children[/someValue/base1/another1/file0, /someValue/base1/another1/file4]
SET children[/someValue/]
SET children[/someValue/base3/, /someValue/base0/, /someValue/base1/, /someValue/base4/, /someValue/base2/]
SET children[/someValue/base1/another0/, /someValue/base1/another2/, /someValue/base1/another3/, /someValue/base1/another4/, /someValue/base1/another1/]
SET children[/someValue/base1/another2/file1, /someValue/base1/another2/file2, /someValue/base1/another2/file0, /someValue/base1/another2/file3]
SET children[/someValue/]
SET children[/someValue/base3/, /someValue/base0/, /someValue/base1/, /someValue/base4/, /someValue/base2/]
SET children[/someValue/base1/another0/, /someValue/base1/another2/, /someValue/base1/another3/, /someValue/base1/another4/, /someValue/base1/another1/]
SET children[/someValue/base1/another3/file1, /someValue/base1/another3/file2, /someValue/base1/another3/file4, /someValue/base1/another3/file0]
SET children[/someValue/]
SET children[/someValue/base3/, /someValue/base0/, /someValue/base1/, /someValue/base4/, /someValue/base2/]
SET children[/someValue/base0/another3/, /someValue/base0/another2/, /someValue/base0/another4/, /someValue/base0/another0/, /someValue/base0/another1/]
SET children[/someValue/base0/another0/file0, /someValue/base0/another0/file3, /someValue/base0/another0/file1, /someValue/base0/another0/file2]
SET children[/someValue/]
SET children[/someValue/base3/, /someValue/base0/, /someValue/base1/, /someValue/base4/, /someValue/base2/]
SET children[/someValue/base4/another1/, /someValue/base4/another3/, /someValue/base4/another0/, /someValue/base4/another4/, /someValue/base4/another2/]
SET children[/someValue/base4/another4/file0, /someValue/base4/another4/file1, /someValue/base4/another4/file2, /someValue/base4/another4/file4]
SET children[/someValue/]
SET children[/someValue/base3/, /someValue/base0/, /someValue/base1/, /someValue/base4/, /someValue/base2/]
SET children[/someValue/base2/another2/, /someValue/base2/another0/, /someValue/base2/another1/, /someValue/base2/another4/, /someValue/base2/another3/]
SET children[/someValue/base2/another3/file1, /someValue/base2/another3/file2, /someValue/base2/another3/file4]
SET children[/someValue/]
SET children[/someValue/base3/, /someValue/base0/, /someValue/base1/, /someValue/base4/, /someValue/base2/]
SET children[/someValue/base1/another0/, /someValue/base1/another2/, /someValue/base1/another3/, /someValue/base1/another4/, /someValue/base1/another1/]
SET children[/someValue/base1/another1/file0, /someValue/base1/another1/file4, /someValue/base1/another1/file3]
SET children[/someValue/]
SET children[/someValue/base3/, /someValue/base0/, /someValue/base1/, /someValue/base4/, /someValue/base2/]
SET children[/someValue/base3/another0/, /someValue/base3/another4/, /someValue/base3/another1/, /someValue/base3/another2/, /someValue/base3/another3/]
SET children[/someValue/base3/another0/file4, /someValue/base3/another0/file3, /someValue/base3/another0/file2, /someValue/base3/another0/file0]
SET children[/someValue/]
SET children[/someValue/base3/, /someValue/base0/, /someValue/base1/, /someValue/base4/, /someValue/base2/]
SET children[/someValue/base0/another3/, /someValue/base0/another2/, /someValue/base0/another4/, /someValue/base0/another0/, /someValue/base0/another1/]
SET children[/someValue/base0/another4/file0, /someValue/base0/another4/file2, /someValue/base0/another4/file3, /someValue/base0/another4/file4]
SET children[/someValue/]
SET children[/someValue/base3/, /someValue/base0/, /someValue/base1/, /someValue/base4/, /someValue/base2/]
SET children[/someValue/base1/another0/, /someValue/base1/another2/, /someValue/base1/another3/, /someValue/base1/another4/, /someValue/base1/another1/]
SET children[/someValue/base1/another1/file0, /someValue/base1/another1/file4, /someValue/base1/another1/file3, /someValue/base1/another1/file2]
SET children[/someValue/]
SET children[/someValue/base3/, /someValue/base0/, /someValue/base1/, /someValue/base4/, /someValue/base2/]
SET children[/someValue/base4/another1/, /someValue/base4/another3/, /someValue/base4/another0/, /someValue/base4/another4/, /someValue/base4/another2/]
SET children[/someValue/base4/another3/file4, /someValue/base4/another3/file2, /someValue/base4/another3/file0, /someValue/base4/another3/file1]
SET children[/someValue/]
SET children[/someValue/base3/, /someValue/base0/, /someValue/base1/, /someValue/base4/, /someValue/base2/]
SET children[/someValue/base3/another0/, /someValue/base3/another4/, /someValue/base3/another1/, /someValue/base3/another2/, /someValue/base3/another3/]
SET children[/someValue/base3/another1/file4, /someValue/base3/another1/file2, /someValue/base3/another1/file3, /someValue/base3/another1/file1]
SET children[/someValue/]
SET children[/someValue/base3/, /someValue/base0/, /someValue/base1/, /someValue/base4/, /someValue/base2/]
SET children[/someValue/base3/another0/, /someValue/base3/another4/, /someValue/base3/another1/, /someValue/base3/another2/, /someValue/base3/another3/]
SET children[/someValue/base3/another4/file2, /someValue/base3/another4/file4, /someValue/base3/another4/file1, /someValue/base3/another4/file3]
SET children[/someValue/]
SET children[/someValue/base3/, /someValue/base0/, /someValue/base1/, /someValue/base4/, /someValue/base2/]
SET children[/someValue/base3/another0/, /someValue/base3/another4/, /someValue/base3/another1/, /someValue/base3/another2/, /someValue/base3/another3/]
SET children[/someValue/base3/another2/file2, /someValue/base3/another2/file1, /someValue/base3/another2/file3, /someValue/base3/another2/file4]
SET children[/someValue/]
SET children[/someValue/base3/, /someValue/base0/, /someValue/base1/, /someValue/base4/, /someValue/base2/]
SET children[/someValue/base0/another3/, /someValue/base0/another2/, /someValue/base0/another4/, /someValue/base0/another0/, /someValue/base0/another1/]
SET children[/someValue/base0/another1/file4, /someValue/base0/another1/file3, /someValue/base0/another1/file2, /someValue/base0/another1/file1]
SET children[/someValue/]
SET children[/someValue/base3/, /someValue/base0/, /someValue/base1/, /someValue/base4/, /someValue/base2/]
SET children[/someValue/base1/another0/, /someValue/base1/another2/, /someValue/base1/another3/, /someValue/base1/another4/, /someValue/base1/another1/]
SET children[/someValue/base1/another4/file0, /someValue/base1/another4/file4, /someValue/base1/another4/file1, /someValue/base1/another4/file3]
SET children[/someValue/]
SET children[/someValue/base3/, /someValue/base0/, /someValue/base1/, /someValue/base4/, /someValue/base2/]
SET children[/someValue/base2/another2/, /someValue/base2/another0/, /someValue/base2/another1/, /someValue/base2/another4/, /someValue/base2/another3/]
SET children[/someValue/base2/another2/file4, /someValue/base2/another2/file1, /someValue/base2/another2/file3]
SET children[/someValue/]
SET children[/someValue/base3/, /someValue/base0/, /someValue/base1/, /someValue/base4/, /someValue/base2/]
SET children[/someValue/base2/another2/, /someValue/base2/another0/, /someValue/base2/another1/, /someValue/base2/another4/, /someValue/base2/another3/]
SET children[/someValue/base2/another3/file1, /someValue/base2/another3/file2, /someValue/base2/another3/file4, /someValue/base2/another3/file0]
SET children[/someValue/]
SET children[/someValue/base3/, /someValue/base0/, /someValue/base1/, /someValue/base4/, /someValue/base2/]
SET children[/someValue/base2/another2/, /someValue/base2/another0/, /someValue/base2/another1/, /someValue/base2/another4/, /someValue/base2/another3/]
SET children[/someValue/base2/another2/file4, /someValue/base2/another2/file1, /someValue/base2/another2/file3, /someValue/base2/another2/file2]
SET children[/someValue/]
SET children[/someValue/base3/, /someValue/base0/, /someValue/base1/, /someValue/base4/, /someValue/base2/]
SET children[/someValue/base4/another1/, /someValue/base4/another3/, /someValue/base4/another0/, /someValue/base4/another4/, /someValue/base4/another2/]
SET children[/someValue/base4/another2/file0, /someValue/base4/another2/file3, /someValue/base4/another2/file4, /someValue/base4/another2/file1]
]]></system-out>
  </testcase>
</testsuite>